#
# A fatal error has been detected by the Java Runtime Environment:
#
#  EXCEPTION_ACCESS_VIOLATION (0xc0000005) at pc=0x00007ff979ae29e4, pid=5240, tid=9640
#
# JRE version: OpenJDK Runtime Environment Temurin-21.0.3+9 (21.0.3+9) (build 21.0.3+9-LTS)
# Java VM: OpenJDK 64-Bit Server VM Temurin-21.0.3+9 (21.0.3+9-LTS, mixed mode, emulated-client, sharing, tiered, compressed oops, compressed class ptrs, g1 gc, windows-amd64)
# Problematic frame:
# V  [jvm.dll+0x3629e4]
#
# No core dump will be written. Minidumps are not enabled by default on client versions of Windows
#
# If you would like to submit a bug report, please visit:
#   https://github.com/adoptium/adoptium-support/issues
#

---------------  S U M M A R Y ------------

Command Line: -XX:+ShowCodeDetailsInExceptionMessages -agentlib:jdwp=transport=dt_socket,suspend=y,address=localhost:50461 -Dcom.sun.management.jmxremote -Dcom.sun.management.jmxremote.port=50460 -Dcom.sun.management.jmxremote.authenticate=false -Dcom.sun.management.jmxremote.ssl=false -Djava.rmi.server.hostname=localhost -Dspring.jmx.enabled=true -Dmanagement.endpoints.jmx.exposure.include=* -Dspring.application.admin.enabled=true -XX:TieredStopAtLevel=1 -Dspring.boot.project.name=personal_dev_9198_lee_jungmoo -javaagent:C:\pleiades\2024-06\eclipse\configuration\org.eclipse.osgi\251\0\.cp\lib\javaagent-shaded.jar -Dfile.encoding=UTF-8 -Dstdout.encoding=UTF-8 -Dstderr.encoding=UTF-8 com.example.demo.PersonalDev9198LeeJungmooApplication --spring.output.ansi.enabled=always

Host: Intel(R) Core(TM) i5-10210U CPU @ 1.60GHz, 8 cores, 15G,  Windows 11 , 64 bit Build 26100 (10.0.26100.3037)
Time: Wed May 21 11:18:00 2025  Windows 11 , 64 bit Build 26100 (10.0.26100.3037) elapsed time: 6385.589300 seconds (0d 1h 46m 25s)

---------------  T H R E A D  ---------------

Current thread (0x000002c76eb86340):  WorkerThread "GC Thread#3"    [id=9640, stack(0x000000f452e00000,0x000000f452f00000) (1024K)]

Stack: [0x000000f452e00000,0x000000f452f00000],  sp=0x000000f452efdf70,  free space=1015k
Native frames: (J=compiled Java code, j=interpreted, Vv=VM code, C=native code)
V  [jvm.dll+0x3629e4]
V  [jvm.dll+0x312f5b]
V  [jvm.dll+0x3129ad]
V  [jvm.dll+0x3eace5]
V  [jvm.dll+0x84c2f6]
V  [jvm.dll+0x855c91]
V  [jvm.dll+0x36310a]
V  [jvm.dll+0x362f9a]
V  [jvm.dll+0x36a864]
V  [jvm.dll+0x36a9db]
V  [jvm.dll+0x8cf697]
V  [jvm.dll+0x84bf8b]
V  [jvm.dll+0x6c6dcd]
C  [ucrtbase.dll+0x37b0]
C  [KERNEL32.DLL+0x2e8d7]
C  [ntdll.dll+0xbbf2c]

JavaThread 0x000002c76fb6cbb0 (nid = 14240) was being processed
Java frames: (J=compiled Java code, j=interpreted, Vv=VM code)
j  java.lang.invoke.DirectMethodHandle$Holder.newInvokeSpecial(Ljava/lang/Object;)Ljava/lang/Object;+15 java.base@21.0.3
J 925 c1 jdk.internal.reflect.DirectConstructorHandleAccessor.newInstance([Ljava/lang/Object;)Ljava/lang/Object; java.base@21.0.3 (130 bytes) @ 0x000002c75f0abf6c [0x000002c75f0abd60+0x000000000000020c]
J 924 c1 java.lang.reflect.Constructor.newInstanceWithCaller([Ljava/lang/Object;ZLjava/lang/Class;)Ljava/lang/Object; java.base@21.0.3 (51 bytes) @ 0x000002c75f01a3bc [0x000002c75f01a2e0+0x00000000000000dc]
J 3424 c1 org.springframework.beans.BeanUtils.instantiateClass(Ljava/lang/reflect/Constructor;[Ljava/lang/Object;)Ljava/lang/Object; (208 bytes) @ 0x000002c75f51348c [0x000002c75f512f00+0x000000000000058c]
J 9472 c1 org.springframework.beans.factory.support.SimpleInstantiationStrategy.instantiate(Lorg/springframework/beans/factory/support/RootBeanDefinition;Ljava/lang/String;Lorg/springframework/beans/factory/BeanFactory;)Ljava/lang/Object; (123 bytes) @ 0x000002c75febd96c [0x000002c75febd4a0+0x00000000000004cc]
J 9471 c1 org.springframework.beans.factory.support.AbstractAutowireCapableBeanFactory.instantiateBean(Ljava/lang/String;Lorg/springframework/beans/factory/support/RootBeanDefinition;)Lorg/springframework/beans/BeanWrapper; (51 bytes) @ 0x000002c75febc8f4 [0x000002c75febc840+0x00000000000000b4]
J 8538 c1 org.springframework.beans.factory.support.AbstractAutowireCapableBeanFactory.createBeanInstance(Ljava/lang/String;Lorg/springframework/beans/factory/support/RootBeanDefinition;[Ljava/lang/Object;)Lorg/springframework/beans/BeanWrapper; (245 bytes) @ 0x000002c75fb3bb04 [0x000002c75fb3b4c0+0x0000000000000644]
J 6687 c1 org.springframework.beans.factory.support.AbstractAutowireCapableBeanFactory.doCreateBean(Ljava/lang/String;Lorg/springframework/beans/factory/support/RootBeanDefinition;[Ljava/lang/Object;)Ljava/lang/Object; (465 bytes) @ 0x000002c75fa290ac [0x000002c75fa28f00+0x00000000000001ac]
J 6686 c1 org.springframework.beans.factory.support.AbstractAutowireCapableBeanFactory.createBean(Ljava/lang/String;Lorg/springframework/beans/factory/support/RootBeanDefinition;[Ljava/lang/Object;)Ljava/lang/Object; (214 bytes) @ 0x000002c75fa24b3c [0x000002c75fa24640+0x00000000000004fc]
J 9211 c1 org.springframework.beans.factory.support.AbstractBeanFactory$$Lambda+0x000002c701283b30.getObject()Ljava/lang/Object; (20 bytes) @ 0x000002c75fe3fc3c [0x000002c75fe3fba0+0x000000000000009c]
J 6684 c1 org.springframework.beans.factory.support.DefaultSingletonBeanRegistry.getSingleton(Ljava/lang/String;Lorg/springframework/beans/factory/ObjectFactory;)Ljava/lang/Object; (1278 bytes) @ 0x000002c75fa2d594 [0x000002c75fa2c3c0+0x00000000000011d4]
J 3215 c1 org.springframework.beans.factory.support.AbstractBeanFactory.doGetBean(Ljava/lang/String;Ljava/lang/Class;[Ljava/lang/Object;Z)Ljava/lang/Object; (787 bytes) @ 0x000002c75f4b122c [0x000002c75f4b0ba0+0x000000000000068c]
J 6743 c1 org.springframework.beans.factory.support.DefaultListableBeanFactory.instantiateSingleton(Ljava/lang/String;)V (56 bytes) @ 0x000002c75fa49af4 [0x000002c75fa496a0+0x0000000000000454]
J 9343 c1 org.springframework.beans.factory.support.DefaultListableBeanFactory.preInstantiateSingleton(Ljava/lang/String;Lorg/springframework/beans/factory/support/RootBeanDefinition;)Ljava/util/concurrent/CompletableFuture; (165 bytes) @ 0x000002c75fe821bc [0x000002c75fe81f00+0x00000000000002bc]
j  org.springframework.beans.factory.support.DefaultListableBeanFactory.preInstantiateSingletons()V+123
j  org.springframework.context.support.AbstractApplicationContext.finishBeanFactoryInitialization(Lorg/springframework/beans/factory/config/ConfigurableListableBeanFactory;)V+284
j  org.springframework.context.support.AbstractApplicationContext.refresh()V+94
j  org.springframework.boot.web.servlet.context.ServletWebServerApplicationContext.refresh()V+1
j  org.springframework.boot.SpringApplication.refresh(Lorg/springframework/context/ConfigurableApplicationContext;)V+1
j  org.springframework.boot.SpringApplication.refreshContext(Lorg/springframework/context/ConfigurableApplicationContext;)V+19
j  org.springframework.boot.SpringApplication.run([Ljava/lang/String;)Lorg/springframework/context/ConfigurableApplicationContext;+113
j  org.springframework.boot.SpringApplication.run([Ljava/lang/Class;[Ljava/lang/String;)Lorg/springframework/context/ConfigurableApplicationContext;+9
j  org.springframework.boot.SpringApplication.run(Ljava/lang/Class;[Ljava/lang/String;)Lorg/springframework/context/ConfigurableApplicationContext;+9
j  com.example.demo.PersonalDev9198LeeJungmooApplication.main([Ljava/lang/String;)V+3
j  java.lang.invoke.LambdaForm$DMH+0x000002c701004c00.invokeStatic(Ljava/lang/Object;Ljava/lang/Object;)V+10 java.base@21.0.3
j  java.lang.invoke.LambdaForm$MH+0x000002c701a92c00.invoke(Ljava/lang/Object;Ljava/lang/Object;Ljava/lang/Object;)Ljava/lang/Object;+33 java.base@21.0.3
J 4561 c1 jdk.internal.reflect.DirectMethodHandleAccessor.invoke(Ljava/lang/Object;[Ljava/lang/Object;)Ljava/lang/Object; java.base@21.0.3 (92 bytes) @ 0x000002c75f6e2b7c [0x000002c75f6e27c0+0x00000000000003bc]
J 4634 c1 java.lang.reflect.Method.invoke(Ljava/lang/Object;[Ljava/lang/Object;)Ljava/lang/Object; java.base@21.0.3 (108 bytes) @ 0x000002c75f6fdcf4 [0x000002c75f6fdb00+0x00000000000001f4]
j  org.springframework.boot.devtools.restart.RestartLauncher.run()V+47
v  ~StubRoutines::call_stub 0x000002c75ec7100d

siginfo: EXCEPTION_ACCESS_VIOLATION (0xc0000005), reading address 0x000002c754ee14f2


Registers:
RAX=0x000000000007a29c, RBX=0x000002c76f848788, RCX=0x0000000000000015, RDX=0x000002c754decfba
RSP=0x000000f452efdf70, RBP=0x000000f452efe0a0, RSI=0x000000f452efe270, RDI=0x000000f4538fd4a0
R8 =0x000000f4538fd4a0, R9 =0x000002c754d9ee50, R10=0x000002c75ec70000, R11=0x000000f452efe118
R12=0x000002c700544140, R13=0x000002c76e1a78c0, R14=0x000002c76eacac90, R15=0x0000000000000000
RIP=0x00007ff979ae29e4, EFLAGS=0x0000000000010206


Register to memory mapping:

RAX=0x000000000007a29c is an unknown value
RBX=0x000002c76f848788 points into unknown readable memory: 0x00007ff97a1a3540 | 40 35 1a 7a f9 7f 00 00
RCX=0x0000000000000015 is an unknown value
RDX=0x000002c754decfba points into unknown readable memory: 00 00 00 00 00 00
RSP=0x000000f452efdf70 points into unknown readable memory: 0x000000f452efe030 | 30 e0 ef 52 f4 00 00 00
RBP=0x000000f452efe0a0 points into unknown readable memory: 0x000000f400000001 | 01 00 00 00 f4 00 00 00
RSI=0x000000f452efe270 points into unknown readable memory: 0x000000f4538fd498 | 98 d4 8f 53 f4 00 00 00
RDI=0x000000f4538fd4a0 is pointing into the stack for thread: 0x000002c76fb6cbb0
R8 =0x000000f4538fd4a0 is pointing into the stack for thread: 0x000002c76fb6cbb0
R9 =0x000002c754d9ee50 points into unknown readable memory: 0x00007ff97a19a5e8 | e8 a5 19 7a f9 7f 00 00
R10=0x000002c75ec70000 points into unknown readable memory: 0x0000000000000006 | 06 00 00 00 00 00 00 00
R11=0x000000f452efe118 points into unknown readable memory: 0x00007ff979a929ad | ad 29 a9 79 f9 7f 00 00
R12=0x000002c700544140 is pointing into metadata
R13=0x000002c76e1a78c0 points into unknown readable memory: 0x0000000000000000 | 00 00 00 00 00 00 00 00
R14=0x000002c76eacac90 points into unknown readable memory: 0x6c6974752e6e7502 | 02 75 6e 2e 75 74 69 6c
R15=0x0 is null

Top of Stack: (sp=0x000000f452efdf70)
0x000000f452efdf70:   000000f452efe030 000000f452efe270
0x000000f452efdf80:   000002c700480090 0000000000000000
0x000000f452efdf90:   000002c76f848788 00007ff979a92f5b
0x000000f452efdfa0:   0000000000000001 000002c7000b6430
0x000000f452efdfb0:   000002c76f848788 000000f452efe270
0x000000f452efdfc0:   0000000f5f3f3a01 000002c7000b6430
0x000000f452efdfd0:   000002c76eb86340 000002c700000003
0x000000f452efdfe0:   00000000000003d8 000002c76e1a78d0
0x000000f452efdff0:   000002c76e1a7ca8 000002c70072d07f
0x000000f452efe000:   000002c7000000b8 000002c7000b6430
0x000000f452efe010:   00007ff97a198fa0 000000f452efe270
0x000000f452efe020:   000002c76f848788 0000000500000002
0x000000f452efe030:   000002c700544140 0000001300000001
0x000000f452efe040:   0000000000000032 000000010000000c
0x000000f452efe050:   000002c700480090 0000000000000000
0x000000f452efe060:   000002c76eac0e04 00004cb800000002
0x000000f452efe070:   0000000300000001 0000ffff0960e100
0x000000f452efe080:   00007ff979fd4c70 000002c76f848788
0x000000f452efe090:   000002c76a8e79f0 000000066e1a001c
0x000000f452efe0a0:   000000f400000001 0000000000000019
0x000000f452efe0b0:   000002c76f848788 00007ff979ae2a6e
0x000000f452efe0c0:   0000000000000000 000000f400000002
0x000000f452efe0d0:   00004cb8f5ee6683 00007ff979aa3617
0x000000f452efe0e0:   000002c76f848788 00000000000003d8
0x000000f452efe0f0:   000002c76e1a7ca8 000000f452efe270
0x000000f452efe100:   000002c76f848830 00007ff979fd4c70
0x000000f452efe110:   000002c76f848788 00007ff979a929ad
0x000000f452efe120:   0000000000000000 000002c76f848830
0x000000f452efe130:   0000000000000000 00007ff979b6cc16
0x000000f452efe140:   000000f452efe1a0 0000000000000000
0x000000f452efe150:   0000000000000000 0000000000000000
0x000000f452efe160:   000002c76fb6cbb0 00007ff979f1a6a1 

Instructions: (pc=0x00007ff979ae29e4)
0x00007ff979ae28e4:   00 00 48 d3 e8 0f b7 14 42 0f b7 c2 66 c1 e8 08
0x00007ff979ae28f4:   84 c0 78 3a 4c 8b 07 41 0f b6 c0 24 03 3c 03 75
0x00007ff979ae2904:   06 49 83 e0 fc eb 12 48 8b 4b 10 4d 8b c8 4c 8b
0x00007ff979ae2914:   c7 e8 96 1a ff ff 4c 8b c0 4c 2b 05 7c a6 8b 00
0x00007ff979ae2924:   8b 0d 7e a6 8b 00 49 d3 e8 44 89 06 eb 5a 3c fd
0x00007ff979ae2934:   75 37 41 8b 88 18 02 00 00 48 8b d7 49 8b 80 10
0x00007ff979ae2944:   02 00 00 48 d3 e0 8b 0d 80 78 92 00 48 2b d0 49
0x00007ff979ae2954:   8b 80 90 05 00 00 48 d3 ea 8b ca 80 7c 48 01 fd
0x00007ff979ae2964:   75 17 c6 44 48 01 ff eb 10 3c fc 75 0c 48 8b 4b
0x00007ff979ae2974:   10 48 8b d6 e8 f3 f2 ff ff 8b 53 18 4c 8b c7 48
0x00007ff979ae2984:   8b 4b 28 e8 54 59 fb ff 48 8b 4b 10 e8 cb f3 fe
0x00007ff979ae2994:   ff 48 8b 7c 24 30 48 8b 5c 24 38 48 83 c4 20 5e
0x00007ff979ae29a4:   c3 cc cc cc cc cc cc cc cc cc cc cc 48 89 5c 24
0x00007ff979ae29b4:   08 57 48 83 ec 20 4c 8b 02 48 8b fa 48 8b d9 4d
0x00007ff979ae29c4:   85 c0 0f 84 a2 00 00 00 4c 8b 49 08 49 8b c0 41
0x00007ff979ae29d4:   8b 89 b0 05 00 00 49 8b 91 a0 05 00 00 48 d3 e8
0x00007ff979ae29e4:   0f b7 14 42 0f b7 c2 66 c1 e8 08 84 c0 78 29 49
0x00007ff979ae29f4:   8b 08 0f b6 c1 24 03 3c 03 75 09 48 83 e1 fc 48
0x00007ff979ae2a04:   89 0f eb 5d 4c 8b c9 48 8b 4b 10 e8 9c 19 ff ff
0x00007ff979ae2a14:   48 8b c8 48 89 07 eb 49 3c fd 75 35 41 8b 89 18
0x00007ff979ae2a24:   02 00 00 49 8b 81 10 02 00 00 48 d3 e0 8b 0d 99
0x00007ff979ae2a34:   77 92 00 4c 2b c0 49 8b 81 90 05 00 00 49 d3 e8
0x00007ff979ae2a44:   41 8b c8 80 7c 48 01 fd 75 17 c6 44 48 01 ff eb
0x00007ff979ae2a54:   10 3c fc 75 0c 48 8b 4b 10 48 8b d7 e8 ab f1 ff
0x00007ff979ae2a64:   ff 48 8b 4b 10 e8 f2 f2 fe ff 48 8b 5c 24 30 48
0x00007ff979ae2a74:   83 c4 20 5f c3 cc cc cc cc cc cc cc 48 89 5c 24
0x00007ff979ae2a84:   08 57 48 83 ec 20 8b 02 48 8b fa 48 8b d9 85 c0
0x00007ff979ae2a94:   0f 84 c6 00 00 00 8b 0d 08 a5 8b 00 44 8b d0 4c
0x00007ff979ae2aa4:   8b 43 08 49 d3 e2 4c 03 15 ef a4 8b 00 49 8b c2
0x00007ff979ae2ab4:   41 8b 88 b0 05 00 00 49 8b 90 a0 05 00 00 48 d3
0x00007ff979ae2ac4:   e8 0f b7 14 42 0f b7 c2 66 c1 e8 08 84 c0 78 3a
0x00007ff979ae2ad4:   4d 8b 02 41 0f b6 c0 24 03 3c 03 75 06 49 83 e0 


Stack slot to memory mapping:

stack at sp + 0 slots: 0x000000f452efe030 points into unknown readable memory: 0x000002c700544140 | 40 41 54 00 c7 02 00 00
stack at sp + 1 slots: 0x000000f452efe270 points into unknown readable memory: 0x000000f4538fd498 | 98 d4 8f 53 f4 00 00 00
stack at sp + 2 slots: 0x000002c700480090 is pointing into metadata
stack at sp + 3 slots: 0x0 is null
stack at sp + 4 slots: 0x000002c76f848788 points into unknown readable memory: 0x00007ff97a1a3540 | 40 35 1a 7a f9 7f 00 00
stack at sp + 5 slots: 0x00007ff979a92f5b jvm.dll
stack at sp + 6 slots: 0x0000000000000001 is an unknown value
stack at sp + 7 slots: {method} {0x000002c7000b6438} 'newInvokeSpecial' '(Ljava/lang/Object;)Ljava/lang/Object;' in 'java/lang/invoke/DirectMethodHandle$Holder'


---------------  P R O C E S S  ---------------

Threads class SMR info:
_java_thread_list=0x000002c772193530, length=30, elements={
0x000002c769ef6380, 0x000002c769ef6ee0, 0x000002c769efa170, 0x000002c769efb540,
0x000002c769efcfb0, 0x000002c769f04e60, 0x000002c76e020090, 0x000002c76e0b0450,
0x000002c76e1713c0, 0x000002c76e1940f0, 0x000002c76e196780, 0x000002c76e9623e0,
0x000002c76ebb8ee0, 0x000002c76ebef580, 0x000002c76ebf0c20, 0x000002c76f065f90,
0x000002c76f07cc00, 0x000002c76fb6be90, 0x000002c76f08fbb0, 0x000002c7714b1650,
0x000002c772799960, 0x000002c772794aa0, 0x000002c772795e50, 0x000002c7714b1ce0,
0x000002c76fb6f9a0, 0x000002c76fb6cbb0, 0x000002c76fb6e5f0, 0x000002c76fb6d8d0,
0x000002c76fb6ec80, 0x000002c76fb6f310
}

Java Threads: ( => current thread )
  0x000002c769ef6380 JavaThread "Reference Handler"          daemon [_thread_blocked, id=8248, stack(0x000000f451d00000,0x000000f451e00000) (1024K)]
  0x000002c769ef6ee0 JavaThread "Finalizer"                  daemon [_thread_blocked, id=12108, stack(0x000000f451e00000,0x000000f451f00000) (1024K)]
  0x000002c769efa170 JavaThread "Signal Dispatcher"          daemon [_thread_blocked, id=4752, stack(0x000000f451f00000,0x000000f452000000) (1024K)]
  0x000002c769efb540 JavaThread "Attach Listener"            daemon [_thread_blocked, id=11340, stack(0x000000f452000000,0x000000f452100000) (1024K)]
  0x000002c769efcfb0 JavaThread "Service Thread"             daemon [_thread_blocked, id=11060, stack(0x000000f452100000,0x000000f452200000) (1024K)]
  0x000002c769f04e60 JavaThread "Monitor Deflation Thread"   daemon [_thread_blocked, id=9476, stack(0x000000f452200000,0x000000f452300000) (1024K)]
  0x000002c76e020090 JavaThread "C1 CompilerThread0"         daemon [_thread_blocked, id=6944, stack(0x000000f452300000,0x000000f452400000) (1024K)]
  0x000002c76e0b0450 JavaThread "Common-Cleaner"             daemon [_thread_blocked, id=11816, stack(0x000000f452400000,0x000000f452500000) (1024K)]
  0x000002c76e1713c0 JavaThread "JDWP Transport Listener: dt_socket" daemon [_thread_blocked, id=11644, stack(0x000000f452700000,0x000000f452800000) (1024K)]
  0x000002c76e1940f0 JavaThread "JDWP Event Helper Thread"   daemon [_thread_blocked, id=4620, stack(0x000000f452800000,0x000000f452900000) (1024K)]
  0x000002c76e196780 JavaThread "JDWP Command Reader"        daemon [_thread_in_native, id=4984, stack(0x000000f452900000,0x000000f452a00000) (1024K)]
  0x000002c76e9623e0 JavaThread "Notification Thread"        daemon [_thread_blocked, id=8396, stack(0x000000f452a00000,0x000000f452b00000) (1024K)]
  0x000002c76ebb8ee0 JavaThread "RMI TCP Accept-0"           daemon [_thread_in_native, id=1244, stack(0x000000f453300000,0x000000f453400000) (1024K)]
  0x000002c76ebef580 JavaThread "RMI TCP Accept-50460"       daemon [_thread_in_native, id=7556, stack(0x000000f453400000,0x000000f453500000) (1024K)]
  0x000002c76ebf0c20 JavaThread "RMI TCP Accept-0"           daemon [_thread_in_native, id=10200, stack(0x000000f453500000,0x000000f453600000) (1024K)]
  0x000002c76f065f90 JavaThread "RMI Scheduler(0)"           daemon [_thread_blocked, id=4240, stack(0x000000f453700000,0x000000f453800000) (1024K)]
  0x000002c76f07cc00 JavaThread "JMX server connection timeout 38" daemon [_thread_blocked, id=11052, stack(0x000000f453900000,0x000000f453a00000) (1024K)]
  0x000002c76fb6be90 JavaThread "Live Reload Server"         daemon [_thread_in_native, id=10916, stack(0x000000f454600000,0x000000f454700000) (1024K)]
  0x000002c76f08fbb0 JavaThread "DestroyJavaVM"                     [_thread_blocked, id=11676, stack(0x000000f451500000,0x000000f451600000) (1024K)]
  0x000002c7714b1650 JavaThread "File Watcher"               daemon [_thread_blocked, id=1828, stack(0x000000f451300000,0x000000f451400000) (1024K)]
  0x000002c772799960 JavaThread "RMI TCP Connection(idle)"   daemon [_thread_blocked, id=972, stack(0x000000f454e00000,0x000000f454f00000) (1024K)]
  0x000002c772794aa0 JavaThread "PostgreSQL-JDBC-Cleaner"    daemon [_thread_blocked, id=10332, stack(0x000000f453c00000,0x000000f453d00000) (1024K)]
  0x000002c772795e50 JavaThread "File Watcher"               daemon [_thread_blocked, id=11480, stack(0x000000f452600000,0x000000f452700000) (1024K)]
  0x000002c7714b1ce0 JavaThread "File Watcher"               daemon [_thread_blocked, id=13304, stack(0x000000f452b00000,0x000000f452c00000) (1024K)]
  0x000002c76fb6f9a0 JavaThread "Thread-109"                        [_thread_blocked, id=5712, stack(0x000000f453600000,0x000000f453700000) (1024K)]
  0x000002c76fb6cbb0 JavaThread "restartedMain"                     [_thread_blocked, id=14240, stack(0x000000f453800000,0x000000f453900000) (1024K)]
  0x000002c76fb6e5f0 JavaThread "Catalina-utility-1"                [_thread_blocked, id=12556, stack(0x000000f453a00000,0x000000f453b00000) (1024K)]
  0x000002c76fb6d8d0 JavaThread "Catalina-utility-2"                [_thread_blocked, id=1756, stack(0x000000f453b00000,0x000000f453c00000) (1024K)]
  0x000002c76fb6ec80 JavaThread "container-2"                       [_thread_blocked, id=12904, stack(0x000000f453e00000,0x000000f453f00000) (1024K)]
  0x000002c76fb6f310 JavaThread "HikariPool-29 housekeeper"  daemon [_thread_blocked, id=4300, stack(0x000000f453f00000,0x000000f454000000) (1024K)]
Total: 30

Other Threads:
  0x000002c769ed2e70 VMThread "VM Thread"                           [id=7272, stack(0x000000f451c00000,0x000000f451d00000) (1024K)]
  0x000002c769ebf2a0 WatcherThread "VM Periodic Task Thread"        [id=11956, stack(0x000000f451b00000,0x000000f451c00000) (1024K)]
  0x000002c754df4ff0 WorkerThread "GC Thread#0"                     [id=11968, stack(0x000000f451600000,0x000000f451700000) (1024K)]
  0x000002c76eb857f0 WorkerThread "GC Thread#1"                     [id=2216, stack(0x000000f452c00000,0x000000f452d00000) (1024K)]
  0x000002c76eb85b90 WorkerThread "GC Thread#2"                     [id=11600, stack(0x000000f452d00000,0x000000f452e00000) (1024K)]
=>0x000002c76eb86340 WorkerThread "GC Thread#3"                     [id=9640, stack(0x000000f452e00000,0x000000f452f00000) (1024K)]
  0x000002c76eb0b370 WorkerThread "GC Thread#4"                     [id=8080, stack(0x000000f452f00000,0x000000f453000000) (1024K)]
  0x000002c76eb0b710 WorkerThread "GC Thread#5"                     [id=2208, stack(0x000000f453000000,0x000000f453100000) (1024K)]
  0x000002c76eb36f90 WorkerThread "GC Thread#6"                     [id=9504, stack(0x000000f453100000,0x000000f453200000) (1024K)]
  0x000002c76eb3b340 WorkerThread "GC Thread#7"                     [id=10220, stack(0x000000f453200000,0x000000f453300000) (1024K)]
  0x000002c754e068f0 ConcurrentGCThread "G1 Main Marker"            [id=11540, stack(0x000000f451700000,0x000000f451800000) (1024K)]
  0x000002c754e08f60 WorkerThread "G1 Conc#0"                       [id=12192, stack(0x000000f451800000,0x000000f451900000) (1024K)]
  0x000002c76f186cb0 WorkerThread "G1 Conc#1"                       [id=3572, stack(0x000000f453d00000,0x000000f453e00000) (1024K)]
  0x000002c769d805c0 ConcurrentGCThread "G1 Refine#0"               [id=7688, stack(0x000000f451900000,0x000000f451a00000) (1024K)]
  0x000002c769d812f0 ConcurrentGCThread "G1 Service"                [id=144, stack(0x000000f451a00000,0x000000f451b00000) (1024K)]
Total: 15

Threads with active compile tasks:
Total: 0

VM state: at safepoint (normal execution)

VM Mutex/Monitor currently owned by a thread:  ([mutex/lock_event])
[0x00007ff97a422128] Threads_lock - owner thread: 0x000002c769ed2e70
[0x00007ff97a422228] Heap_lock - owner thread: 0x000002c7714b1650

Heap address: 0x0000000704600000, size: 4026 MB, Compressed Oops mode: Zero based, Oop shift amount: 3

CDS archive(s) mapped at: [0x000002c700000000-0x000002c700c90000-0x000002c700c90000), size 13172736, SharedBaseAddress: 0x000002c700000000, ArchiveRelocationMode: 1.
Compressed class space mapped at: 0x000002c701000000-0x000002c741000000, reserved size: 1073741824
Narrow klass base: 0x000002c700000000, Narrow klass shift: 0, Narrow klass range: 0x100000000

GC Precious Log:
 CardTable entry size: 512
 Card Set container configuration: InlinePtr #cards 4 size 8 Array Of Cards #cards 16 size 48 Howl #buckets 8 coarsen threshold 3686 Howl Bitmap #cards 512 size 80 coarsen threshold 460 Card regions per heap region 1 cards per card region 4096
 CPUs: 8 total, 8 available
 Memory: 16101M
 Large Page Support: Disabled
 NUMA Support: Disabled
 Compressed Oops: Enabled (Zero based)
 Heap Region Size: 2M
 Heap Min Capacity: 8M
 Heap Initial Capacity: 252M
 Heap Max Capacity: 4026M
 Pre-touch: Disabled
 Parallel Workers: 8
 Concurrent Workers: 2
 Concurrent Refinement Workers: 8
 Periodic GC: Disabled

Heap:
 garbage-first heap   total 116736K, used 92560K [0x0000000704600000, 0x0000000800000000)
  region size 2048K, 29 young (59392K), 2 survivors (4096K)
 Metaspace       used 85254K, committed 86336K, reserved 1179648K
  class space    used 11743K, committed 12224K, reserved 1048576K

Heap Regions: E=young(eden), S=young(survivor), O=old, HS=humongous(starts), HC=humongous(continues), CS=collection set, F=free, TAMS=top-at-mark-start, PB=parsable bottom
|   0|0x0000000704600000, 0x0000000704800000, 0x0000000704800000|100%| O|  |TAMS 0x0000000704600000| PB 0x0000000704600000| Untracked 
|   1|0x0000000704800000, 0x00000007049ffff0, 0x0000000704a00000| 99%| O|  |TAMS 0x0000000704800000| PB 0x0000000704800000| Untracked 
|   2|0x0000000704a00000, 0x0000000704c00000, 0x0000000704c00000|100%| O|  |TAMS 0x0000000704a00000| PB 0x0000000704a00000| Untracked 
|   3|0x0000000704c00000, 0x0000000704dfdfd0, 0x0000000704e00000| 99%| O|  |TAMS 0x0000000704c00000| PB 0x0000000704c00000| Untracked 
|   4|0x0000000704e00000, 0x0000000704fffff8, 0x0000000705000000| 99%| O|  |TAMS 0x0000000704e00000| PB 0x0000000704e00000| Untracked 
|   5|0x0000000705000000, 0x00000007051ffff8, 0x0000000705200000| 99%| O|  |TAMS 0x0000000705000000| PB 0x0000000705000000| Untracked 
|   6|0x0000000705200000, 0x00000007053fffd0, 0x0000000705400000| 99%| O|  |TAMS 0x0000000705200000| PB 0x0000000705200000| Untracked 
|   7|0x0000000705400000, 0x00000007055ffff8, 0x0000000705600000| 99%| O|  |TAMS 0x0000000705400000| PB 0x0000000705400000| Untracked 
|   8|0x0000000705600000, 0x00000007057fffe8, 0x0000000705800000| 99%| O|  |TAMS 0x0000000705600000| PB 0x0000000705600000| Untracked 
|   9|0x0000000705800000, 0x00000007059fffb0, 0x0000000705a00000| 99%| O|  |TAMS 0x0000000705800000| PB 0x0000000705800000| Untracked 
|  10|0x0000000705a00000, 0x0000000705bffff8, 0x0000000705c00000| 99%| O|  |TAMS 0x0000000705a00000| PB 0x0000000705a00000| Untracked 
|  11|0x0000000705c00000, 0x0000000705dffff0, 0x0000000705e00000| 99%| O|  |TAMS 0x0000000705c00000| PB 0x0000000705c00000| Untracked 
|  12|0x0000000705e00000, 0x0000000705fe9040, 0x0000000706000000| 95%| O|  |TAMS 0x0000000705e00000| PB 0x0000000705e00000| Untracked 
|  13|0x0000000706000000, 0x00000007061ffff0, 0x0000000706200000| 99%| O|  |TAMS 0x0000000706000000| PB 0x0000000706000000| Untracked 
|  14|0x0000000706200000, 0x00000007063fffb0, 0x0000000706400000| 99%| O|  |TAMS 0x0000000706200000| PB 0x0000000706200000| Untracked 
|  15|0x0000000706400000, 0x000000070647fc18, 0x0000000706600000| 24%| O|  |TAMS 0x0000000706400000| PB 0x0000000706400000| Untracked 
|  16|0x0000000706600000, 0x0000000706800000, 0x0000000706800000|100%| O|  |TAMS 0x0000000706600000| PB 0x0000000706600000| Untracked 
|  17|0x0000000706800000, 0x00000007068d38d0, 0x0000000706a00000| 41%| O|  |TAMS 0x0000000706800000| PB 0x0000000706800000| Untracked 
|  18|0x0000000706a00000, 0x0000000706a80e40, 0x0000000706c00000| 25%| O|Cm|TAMS 0x0000000706a00000| PB 0x0000000706a00000| Complete 
|  19|0x0000000706c00000, 0x0000000706de0600, 0x0000000706e00000| 93%| O|  |TAMS 0x0000000706c00000| PB 0x0000000706c00000| Untracked 
|  20|0x0000000706e00000, 0x0000000706e00000, 0x0000000707000000|  0%| F|  |TAMS 0x0000000706e00000| PB 0x0000000706e00000| Untracked 
|  21|0x0000000707000000, 0x0000000707000000, 0x0000000707200000|  0%| F|  |TAMS 0x0000000707000000| PB 0x0000000707000000| Untracked 
|  22|0x0000000707200000, 0x0000000707200000, 0x0000000707400000|  0%| F|  |TAMS 0x0000000707200000| PB 0x0000000707200000| Untracked 
|  23|0x0000000707400000, 0x0000000707400000, 0x0000000707600000|  0%| F|  |TAMS 0x0000000707400000| PB 0x0000000707400000| Untracked 
|  24|0x0000000707600000, 0x0000000707600000, 0x0000000707800000|  0%| F|  |TAMS 0x0000000707600000| PB 0x0000000707600000| Untracked 
|  25|0x0000000707800000, 0x00000007078a9128, 0x0000000707a00000| 33%| E|CS|TAMS 0x0000000707800000| PB 0x0000000707800000| Complete 
|  26|0x0000000707a00000, 0x0000000707c00000, 0x0000000707c00000|100%| E|CS|TAMS 0x0000000707a00000| PB 0x0000000707a00000| Complete 
|  27|0x0000000707c00000, 0x0000000707e00000, 0x0000000707e00000|100%| E|CS|TAMS 0x0000000707c00000| PB 0x0000000707c00000| Complete 
|  28|0x0000000707e00000, 0x0000000707e1c380, 0x0000000708000000|  5%| S|  |TAMS 0x0000000707e00000| PB 0x0000000707e00000| Complete 
|  29|0x0000000708000000, 0x0000000708200000, 0x0000000708200000|100%| S|  |TAMS 0x0000000708000000| PB 0x0000000708000000| Complete 
|  30|0x0000000708200000, 0x0000000708400000, 0x0000000708400000|100%| E|CS|TAMS 0x0000000708200000| PB 0x0000000708200000| Complete 
|  31|0x0000000708400000, 0x0000000708600000, 0x0000000708600000|100%| E|CS|TAMS 0x0000000708400000| PB 0x0000000708400000| Complete 
|  32|0x0000000708600000, 0x0000000708800000, 0x0000000708800000|100%| E|CS|TAMS 0x0000000708600000| PB 0x0000000708600000| Complete 
|  33|0x0000000708800000, 0x0000000708a00000, 0x0000000708a00000|100%| E|CS|TAMS 0x0000000708800000| PB 0x0000000708800000| Complete 
|  34|0x0000000708a00000, 0x0000000708c00000, 0x0000000708c00000|100%| E|CS|TAMS 0x0000000708a00000| PB 0x0000000708a00000| Complete 
|  35|0x0000000708c00000, 0x0000000708e00000, 0x0000000708e00000|100%| E|CS|TAMS 0x0000000708c00000| PB 0x0000000708c00000| Complete 
|  36|0x0000000708e00000, 0x0000000709000000, 0x0000000709000000|100%| E|CS|TAMS 0x0000000708e00000| PB 0x0000000708e00000| Complete 
|  37|0x0000000709000000, 0x0000000709200000, 0x0000000709200000|100%| E|CS|TAMS 0x0000000709000000| PB 0x0000000709000000| Complete 
|  38|0x0000000709200000, 0x0000000709400000, 0x0000000709400000|100%| E|CS|TAMS 0x0000000709200000| PB 0x0000000709200000| Complete 
|  39|0x0000000709400000, 0x0000000709600000, 0x0000000709600000|100%| E|CS|TAMS 0x0000000709400000| PB 0x0000000709400000| Complete 
|  40|0x0000000709600000, 0x0000000709800000, 0x0000000709800000|100%| E|CS|TAMS 0x0000000709600000| PB 0x0000000709600000| Complete 
|  41|0x0000000709800000, 0x0000000709a00000, 0x0000000709a00000|100%| E|CS|TAMS 0x0000000709800000| PB 0x0000000709800000| Complete 
|  42|0x0000000709a00000, 0x0000000709c00000, 0x0000000709c00000|100%| E|CS|TAMS 0x0000000709a00000| PB 0x0000000709a00000| Complete 
|  43|0x0000000709c00000, 0x0000000709e00000, 0x0000000709e00000|100%| E|CS|TAMS 0x0000000709c00000| PB 0x0000000709c00000| Complete 
|  44|0x0000000709e00000, 0x000000070a000000, 0x000000070a000000|100%| E|CS|TAMS 0x0000000709e00000| PB 0x0000000709e00000| Complete 
|  45|0x000000070a000000, 0x000000070a200000, 0x000000070a200000|100%| E|CS|TAMS 0x000000070a000000| PB 0x000000070a000000| Complete 
|  46|0x000000070a200000, 0x000000070a400000, 0x000000070a400000|100%| E|CS|TAMS 0x000000070a200000| PB 0x000000070a200000| Complete 
|  47|0x000000070a400000, 0x000000070a600000, 0x000000070a600000|100%| E|CS|TAMS 0x000000070a400000| PB 0x000000070a400000| Complete 
|  48|0x000000070a600000, 0x000000070a800000, 0x000000070a800000|100%| E|CS|TAMS 0x000000070a600000| PB 0x000000070a600000| Complete 
|  49|0x000000070a800000, 0x000000070aa00000, 0x000000070aa00000|100%| E|CS|TAMS 0x000000070a800000| PB 0x000000070a800000| Complete 
|  50|0x000000070aa00000, 0x000000070ac00000, 0x000000070ac00000|100%| E|CS|TAMS 0x000000070aa00000| PB 0x000000070aa00000| Complete 
|  51|0x000000070ac00000, 0x000000070ae00000, 0x000000070ae00000|100%| E|CS|TAMS 0x000000070ac00000| PB 0x000000070ac00000| Complete 
|  52|0x000000070ae00000, 0x000000070b000000, 0x000000070b000000|100%| E|CS|TAMS 0x000000070ae00000| PB 0x000000070ae00000| Complete 
|  53|0x000000070b000000, 0x000000070b200000, 0x000000070b200000|100%| E|CS|TAMS 0x000000070b000000| PB 0x000000070b000000| Complete 
|  54|0x000000070b200000, 0x000000070b400000, 0x000000070b400000|100%| E|CS|TAMS 0x000000070b200000| PB 0x000000070b200000| Complete 
|  55|0x000000070b400000, 0x000000070b600000, 0x000000070b600000|100%| E|CS|TAMS 0x000000070b400000| PB 0x000000070b400000| Complete 
|  56|0x000000070b600000, 0x000000070b800000, 0x000000070b800000|100%| E|CS|TAMS 0x000000070b600000| PB 0x000000070b600000| Complete 

Card table byte_map: [0x000002c762d30000,0x000002c763510000] _byte_map_base: 0x000002c75f50d000

Marking Bits: (CMBitMap*) 0x000002c754df5600
 Bits: [0x000002c763510000, 0x000002c7673f8000)

Polling page: 0x000002c754e40000

Metaspace:

Usage:
  Non-class:     71.79 MB used.
      Class:     11.47 MB used.
       Both:     83.26 MB used.

Virtual space:
  Non-class space:      128.00 MB reserved,      72.38 MB ( 57%) committed,  2 nodes.
      Class space:        1.00 GB reserved,      11.94 MB (  1%) committed,  1 nodes.
             Both:        1.12 GB reserved,      84.31 MB (  7%) committed. 

Chunk freelists:
   Non-Class:  7.72 MB
       Class:  4.05 MB
        Both:  11.76 MB

MaxMetaspaceSize: unlimited
CompressedClassSpaceSize: 1.00 GB
Initial GC threshold: 21.00 MB
Current GC threshold: 140.56 MB
CDS: on
 - commit_granule_bytes: 65536.
 - commit_granule_words: 8192.
 - virtual_space_node_default_size: 8388608.
 - enlarge_chunks_in_place: 1.
 - use_allocation_guard: 0.


Internal statistics:

num_allocs_failed_limit: 9.
num_arena_births: 3270.
num_arena_deaths: 2066.
num_vsnodes_births: 3.
num_vsnodes_deaths: 0.
num_space_committed: 1410.
num_space_uncommitted: 55.
num_chunks_returned_to_freelist: 4428.
num_chunks_taken_from_freelist: 9238.
num_chunk_merges: 494.
num_chunk_splits: 4164.
num_chunks_enlarged: 3012.
num_inconsistent_stats: 0.

CodeCache: size=49152Kb used=23572Kb max_used=26659Kb free=25579Kb
 bounds [0x000002c75ec70000, 0x000002c760710000, 0x000002c761c70000]
 total_blobs=11449 nmethods=10734 adapters=637
 compilation: enabled
              stopped_count=0, restarted_count=0
 full_count=0

Compilation events (20 events):
Event: 6240.385 Thread 0x000002c772ad5780 21481       1       org.springframework.data.repository.query.QueryMethod::getDomainClass (11 bytes)
Event: 6240.385 Thread 0x000002c772ad5780 nmethod 21481 0x000002c75ff99090 code [0x000002c75ff99260, 0x000002c75ff99458]
Event: 6240.386 Thread 0x000002c772657060 21483       1       org.hibernate.metamodel.model.domain.AbstractManagedType::findDeclaredAttribute (43 bytes)
Event: 6240.386 Thread 0x000002c772657730 21482       1       org.hibernate.metamodel.model.domain.AbstractManagedType::findAttribute (32 bytes)
Event: 6240.386 Thread 0x000002c772657060 nmethod 21483 0x000002c76010cc10 code [0x000002c76010cde0, 0x000002c76010d058]
Event: 6240.386 Thread 0x000002c772657060 21484       1       org.springframework.data.repository.query.ReturnedType$ReturnedClass::isDto (5 bytes)
Event: 6240.386 Thread 0x000002c76e020090 21485       1       org.hibernate.query.sqm.tree.select.SqmQuerySpec::setWhereClause (6 bytes)
Event: 6240.386 Thread 0x000002c772657730 nmethod 21482 0x000002c7603c9090 code [0x000002c7603c9260, 0x000002c7603c94d0]
Event: 6240.386 Thread 0x000002c772ad5780 21486       1       org.hibernate.query.sqm.tree.predicate.SqmWhereClause::setPredicate (6 bytes)
Event: 6240.386 Thread 0x000002c772657060 nmethod 21484 0x000002c75f0ff890 code [0x000002c75f0ffa20, 0x000002c75f0ffaf0]
Event: 6240.386 Thread 0x000002c76e020090 nmethod 21485 0x000002c75f24bb90 code [0x000002c75f24bd20, 0x000002c75f24be38]
Event: 6240.386 Thread 0x000002c772ad5780 nmethod 21486 0x000002c75f258590 code [0x000002c75f258720, 0x000002c75f258838]
Event: 6240.408 Thread 0x000002c772ad5780 21487       1       org.hibernate.metamodel.model.domain.AbstractIdentifiableType::checkType (103 bytes)
Event: 6240.409 Thread 0x000002c772ad5780 nmethod 21487 0x000002c75fb21a10 code [0x000002c75fb21d00, 0x000002c75fb229e0]
Event: 6240.531 Thread 0x000002c772ad5780 21488       1       com.zaxxer.hikari.pool.HikariPool$PoolEntryCreator::call (5 bytes)
Event: 6240.531 Thread 0x000002c772ad5780 nmethod 21488 0x000002c75f269810 code [0x000002c75f2699c0, 0x000002c75f269aa8]
Event: 6240.531 Thread 0x000002c772657060 21490  s    1       com.zaxxer.hikari.pool.HikariPool$PoolEntryCreator::shouldContinueCreating (76 bytes)
Event: 6240.531 Thread 0x000002c76e020090 21489   !   1       com.zaxxer.hikari.pool.HikariPool$PoolEntryCreator::call (251 bytes)
Event: 6240.531 Thread 0x000002c772657060 nmethod 21490 0x000002c7603d2d90 code [0x000002c7603d2f60, 0x000002c7603d3298]
Event: 6240.532 Thread 0x000002c76e020090 nmethod 21489 0x000002c76039c210 code [0x000002c76039c4e0, 0x000002c76039d2f0]

GC Heap History (20 events):
Event: 6167.934 GC heap after
{Heap after GC invocations=126 (full 24):
 garbage-first heap   total 102400K, used 42227K [0x0000000704600000, 0x0000000800000000)
  region size 2048K, 4 young (8192K), 4 survivors (8192K)
 Metaspace       used 82206K, committed 83200K, reserved 1179648K
  class space    used 11255K, committed 11712K, reserved 1048576K
}
Event: 6168.151 GC heap before
{Heap before GC invocations=126 (full 24):
 garbage-first heap   total 102400K, used 83187K [0x0000000704600000, 0x0000000800000000)
  region size 2048K, 25 young (51200K), 4 survivors (8192K)
 Metaspace       used 84002K, committed 84992K, reserved 1179648K
  class space    used 11633K, committed 12096K, reserved 1048576K
}
Event: 6168.162 GC heap after
{Heap after GC invocations=127 (full 24):
 garbage-first heap   total 104448K, used 51335K [0x0000000704600000, 0x0000000800000000)
  region size 2048K, 4 young (8192K), 4 survivors (8192K)
 Metaspace       used 84002K, committed 84992K, reserved 1179648K
  class space    used 11633K, committed 12096K, reserved 1048576K
}
Event: 6168.250 GC heap before
{Heap before GC invocations=128 (full 24):
 garbage-first heap   total 120832K, used 86151K [0x0000000704600000, 0x0000000800000000)
  region size 2048K, 21 young (43008K), 4 survivors (8192K)
 Metaspace       used 84010K, committed 84992K, reserved 1179648K
  class space    used 11633K, committed 12096K, reserved 1048576K
}
Event: 6168.259 GC heap after
{Heap after GC invocations=129 (full 24):
 garbage-first heap   total 120832K, used 58625K [0x0000000704600000, 0x0000000800000000)
  region size 2048K, 3 young (6144K), 3 survivors (6144K)
 Metaspace       used 84010K, committed 84992K, reserved 1179648K
  class space    used 11633K, committed 12096K, reserved 1048576K
}
Event: 6168.410 GC heap before
{Heap before GC invocations=129 (full 24):
 garbage-first heap   total 120832K, used 99585K [0x0000000704600000, 0x0000000800000000)
  region size 2048K, 23 young (47104K), 3 survivors (6144K)
 Metaspace       used 84746K, committed 85760K, reserved 1179648K
  class space    used 11697K, committed 12160K, reserved 1048576K
}
Event: 6168.420 GC heap after
{Heap after GC invocations=130 (full 24):
 garbage-first heap   total 120832K, used 68772K [0x0000000704600000, 0x0000000800000000)
  region size 2048K, 3 young (6144K), 3 survivors (6144K)
 Metaspace       used 84746K, committed 85760K, reserved 1179648K
  class space    used 11697K, committed 12160K, reserved 1048576K
}
Event: 6191.975 GC heap before
{Heap before GC invocations=130 (full 24):
 garbage-first heap   total 120832K, used 91300K [0x0000000704600000, 0x0000000800000000)
  region size 2048K, 15 young (30720K), 3 survivors (6144K)
 Metaspace       used 84917K, committed 85952K, reserved 1179648K
  class space    used 11718K, committed 12224K, reserved 1048576K
}
Event: 6192.053 GC heap after
{Heap after GC invocations=131 (full 25):
 garbage-first heap   total 116736K, used 31881K [0x0000000704600000, 0x0000000800000000)
  region size 2048K, 0 young (0K), 0 survivors (0K)
 Metaspace       used 84031K, committed 85824K, reserved 1179648K
  class space    used 11633K, committed 12224K, reserved 1048576K
}
Event: 6193.943 GC heap before
{Heap before GC invocations=131 (full 25):
 garbage-first heap   total 116736K, used 83081K [0x0000000704600000, 0x0000000800000000)
  region size 2048K, 26 young (53248K), 0 survivors (0K)
 Metaspace       used 84233K, committed 85824K, reserved 1179648K
  class space    used 11657K, committed 12224K, reserved 1048576K
}
Event: 6193.947 GC heap after
{Heap after GC invocations=132 (full 25):
 garbage-first heap   total 116736K, used 36757K [0x0000000704600000, 0x0000000800000000)
  region size 2048K, 3 young (6144K), 3 survivors (6144K)
 Metaspace       used 84233K, committed 85824K, reserved 1179648K
  class space    used 11657K, committed 12224K, reserved 1048576K
}
Event: 6207.266 GC heap before
{Heap before GC invocations=133 (full 25):
 garbage-first heap   total 116736K, used 87957K [0x0000000704600000, 0x0000000800000000)
  region size 2048K, 28 young (57344K), 3 survivors (6144K)
 Metaspace       used 84714K, committed 85888K, reserved 1179648K
  class space    used 11701K, committed 12224K, reserved 1048576K
}
Event: 6207.271 GC heap after
{Heap after GC invocations=134 (full 25):
 garbage-first heap   total 116736K, used 39114K [0x0000000704600000, 0x0000000800000000)
  region size 2048K, 2 young (4096K), 2 survivors (4096K)
 Metaspace       used 84714K, committed 85888K, reserved 1179648K
  class space    used 11701K, committed 12224K, reserved 1048576K
}
Event: 6207.828 GC heap before
{Heap before GC invocations=134 (full 25):
 garbage-first heap   total 116736K, used 90314K [0x0000000704600000, 0x0000000800000000)
  region size 2048K, 28 young (57344K), 2 survivors (4096K)
 Metaspace       used 85207K, committed 86208K, reserved 1179648K
  class space    used 11745K, committed 12224K, reserved 1048576K
}
Event: 6207.833 GC heap after
{Heap after GC invocations=135 (full 25):
 garbage-first heap   total 116736K, used 42111K [0x0000000704600000, 0x0000000800000000)
  region size 2048K, 4 young (8192K), 4 survivors (8192K)
 Metaspace       used 85207K, committed 86208K, reserved 1179648K
  class space    used 11745K, committed 12224K, reserved 1048576K
}
Event: 6238.606 GC heap before
{Heap before GC invocations=135 (full 25):
 garbage-first heap   total 116736K, used 81023K [0x0000000704600000, 0x0000000800000000)
  region size 2048K, 24 young (49152K), 4 survivors (8192K)
 Metaspace       used 85470K, committed 86464K, reserved 1179648K
  class space    used 11762K, committed 12224K, reserved 1048576K
}
Event: 6238.681 GC heap after
{Heap after GC invocations=136 (full 26):
 garbage-first heap   total 116736K, used 32492K [0x0000000704600000, 0x0000000800000000)
  region size 2048K, 0 young (0K), 0 survivors (0K)
 Metaspace       used 84642K, committed 86336K, reserved 1179648K
  class space    used 11687K, committed 12224K, reserved 1048576K
}
Event: 6240.230 GC heap before
{Heap before GC invocations=136 (full 26):
 garbage-first heap   total 116736K, used 89836K [0x0000000704600000, 0x0000000800000000)
  region size 2048K, 29 young (59392K), 0 survivors (0K)
 Metaspace       used 84903K, committed 86336K, reserved 1179648K
  class space    used 11718K, committed 12224K, reserved 1048576K
}
Event: 6240.235 GC heap after
{Heap after GC invocations=137 (full 26):
 garbage-first heap   total 116736K, used 37264K [0x0000000704600000, 0x0000000800000000)
  region size 2048K, 3 young (6144K), 3 survivors (6144K)
 Metaspace       used 84903K, committed 86336K, reserved 1179648K
  class space    used 11718K, committed 12224K, reserved 1048576K
}
Event: 6385.559 GC heap before
{Heap before GC invocations=138 (full 26):
 garbage-first heap   total 116736K, used 90512K [0x0000000704600000, 0x0000000800000000)
  region size 2048K, 30 young (61440K), 3 survivors (6144K)
 Metaspace       used 85254K, committed 86336K, reserved 1179648K
  class space    used 11743K, committed 12224K, reserved 1048576K
}

Dll operation events (12 events):
Event: 0.009 Loaded shared library C:\pleiades\2024-06\java\21\bin\java.dll
Event: 0.217 Loaded shared library C:\pleiades\2024-06\java\21\bin\zip.dll
Event: 0.223 Loaded shared library C:\pleiades\2024-06\java\21\bin\instrument.dll
Event: 0.227 Loaded shared library C:\pleiades\2024-06\java\21\bin\net.dll
Event: 0.228 Loaded shared library C:\pleiades\2024-06\java\21\bin\nio.dll
Event: 0.231 Loaded shared library C:\pleiades\2024-06\java\21\bin\zip.dll
Event: 0.364 Loaded shared library C:\pleiades\2024-06\java\21\bin\jimage.dll
Event: 0.411 Loaded shared library C:\pleiades\2024-06\java\21\bin\management.dll
Event: 0.421 Loaded shared library C:\pleiades\2024-06\java\21\bin\management_ext.dll
Event: 0.608 Loaded shared library C:\pleiades\2024-06\java\21\bin\verify.dll
Event: 0.711 Loaded shared library C:\pleiades\2024-06\java\21\bin\extnet.dll
Event: 1.831 Loaded shared library C:\pleiades\2024-06\java\21\bin\sunmscapi.dll

Deoptimization events (20 events):
Event: 6240.387 Thread 0x000002c76fb6cbb0 DEOPT PACKING pc=0x000002c75f4650ac sp=0x000000f4538fae80
Event: 6240.387 Thread 0x000002c76fb6cbb0 DEOPT UNPACKING pc=0x000002c75ecc4e42 sp=0x000000f4538fa440 mode 1
Event: 6240.387 Thread 0x000002c76fb6cbb0 DEOPT PACKING pc=0x000002c75f46186c sp=0x000000f4538fac20
Event: 6240.387 Thread 0x000002c76fb6cbb0 DEOPT UNPACKING pc=0x000002c75ecc4e42 sp=0x000000f4538fa158 mode 1
Event: 6240.387 Thread 0x000002c76fb6cbb0 DEOPT PACKING pc=0x000002c75f462874 sp=0x000000f4538fad10
Event: 6240.387 Thread 0x000002c76fb6cbb0 DEOPT UNPACKING pc=0x000002c75ecc4e42 sp=0x000000f4538fa2c0 mode 1
Event: 6240.387 Thread 0x000002c76fb6cbb0 DEOPT PACKING pc=0x000002c75f4650ac sp=0x000000f4538fae80
Event: 6240.387 Thread 0x000002c76fb6cbb0 DEOPT UNPACKING pc=0x000002c75ecc4e42 sp=0x000000f4538fa440 mode 1
Event: 6240.402 Thread 0x000002c76fb6cbb0 DEOPT PACKING pc=0x000002c75fbfcb4c sp=0x000000f4538fbbb0
Event: 6240.402 Thread 0x000002c76fb6cbb0 DEOPT UNPACKING pc=0x000002c75ecc4e42 sp=0x000000f4538fb240 mode 1
Event: 6240.402 Thread 0x000002c76fb6cbb0 DEOPT PACKING pc=0x000002c75f4fd2b4 sp=0x000000f4538fbee0
Event: 6240.402 Thread 0x000002c76fb6cbb0 DEOPT UNPACKING pc=0x000002c75ecc4e42 sp=0x000000f4538fb3a8 mode 1
Event: 6240.421 Thread 0x000002c76fb6cbb0 DEOPT PACKING pc=0x000002c75f46186c sp=0x000000f4538fc510
Event: 6240.421 Thread 0x000002c76fb6cbb0 DEOPT UNPACKING pc=0x000002c75ecc4e42 sp=0x000000f4538fba48 mode 1
Event: 6240.421 Thread 0x000002c76fb6cbb0 DEOPT PACKING pc=0x000002c75f462874 sp=0x000000f4538fc600
Event: 6240.421 Thread 0x000002c76fb6cbb0 DEOPT UNPACKING pc=0x000002c75ecc4e42 sp=0x000000f4538fbbb0 mode 1
Event: 6240.421 Thread 0x000002c76fb6cbb0 DEOPT PACKING pc=0x000002c75f4650ac sp=0x000000f4538fc770
Event: 6240.421 Thread 0x000002c76fb6cbb0 DEOPT UNPACKING pc=0x000002c75ecc4e42 sp=0x000000f4538fbd30 mode 1
Event: 6248.927 Thread 0x000002c76fb6cbb0 DEOPT PACKING pc=0x000002c75f0b4234 sp=0x000000f4538fd4a0
Event: 6248.927 Thread 0x000002c76fb6cbb0 DEOPT UNPACKING pc=0x000002c75ecc4e42 sp=0x000000f4538fc958 mode 0

Classes loaded (20 events):
Event: 3565.919 Loading class java/time/DurationEditor
Event: 3565.919 Loading class java/time/DurationEditor done
Event: 4655.803 Loading class java/time/DurationEditor
Event: 4655.803 Loading class java/time/DurationEditor done
Event: 4753.459 Loading class java/util/ResourceBundle$Control$1
Event: 4753.459 Loading class java/util/ResourceBundle$Control$1 done
Event: 4817.864 Loading class java/time/DurationEditor
Event: 4817.864 Loading class java/time/DurationEditor done
Event: 5026.382 Loading class java/time/DurationEditor
Event: 5026.382 Loading class java/time/DurationEditor done
Event: 5214.024 Loading class java/time/DurationEditor
Event: 5214.024 Loading class java/time/DurationEditor done
Event: 5300.291 Loading class java/time/DurationEditor
Event: 5300.291 Loading class java/time/DurationEditor done
Event: 6160.955 Loading class java/lang/Throwable$WrappedPrintStream
Event: 6160.955 Loading class java/lang/Throwable$WrappedPrintStream done
Event: 6167.621 Loading class java/util/EmptyStackException
Event: 6167.621 Loading class java/util/EmptyStackException done
Event: 6168.373 Loading class java/time/DurationEditor
Event: 6168.373 Loading class java/time/DurationEditor done

Classes unloaded (20 events):
Event: 6238.625 Thread 0x000002c769ed2e70 Unloading class 0x000002c701a87c70 'com/example/demo/model/AccountS'
Event: 6238.625 Thread 0x000002c769ed2e70 Unloading class 0x000002c701a87a48 'com/example/demo/controller/OrderController'
Event: 6238.625 Thread 0x000002c769ed2e70 Unloading class 0x000002c701a87840 'com/example/demo/controller/MypageController'
Event: 6238.625 Thread 0x000002c769ed2e70 Unloading class 0x000002c701a87630 'com/example/demo/controller/ItemController'
Event: 6238.625 Thread 0x000002c769ed2e70 Unloading class 0x000002c701a87430 'com/example/demo/controller/DeleteAccountController'
Event: 6238.625 Thread 0x000002c769ed2e70 Unloading class 0x000002c701a87200 'com/example/demo/controller/CartController'
Event: 6238.625 Thread 0x000002c769ed2e70 Unloading class 0x000002c701a87000 'com/example/demo/controller/admin/AdminStockController'
Event: 6238.625 Thread 0x000002c769ed2e70 Unloading class 0x000002c701a61e00 'com/example/demo/controller/admin/AdminOrderController'
Event: 6238.625 Thread 0x000002c769ed2e70 Unloading class 0x000002c701a61c00 'com/example/demo/controller/admin/AdminItemController'
Event: 6238.625 Thread 0x000002c769ed2e70 Unloading class 0x000002c701a61a00 'com/example/demo/controller/admin/AdminCategoryController'
Event: 6238.625 Thread 0x000002c769ed2e70 Unloading class 0x000002c701a61800 'com/example/demo/controller/admin/AdminAccountController'
Event: 6238.625 Thread 0x000002c769ed2e70 Unloading class 0x000002c7013c8400 'com/example/demo/controller/AccountController'
Event: 6238.625 Thread 0x000002c769ed2e70 Unloading class 0x000002c7013c8200 'com/example/demo/aop/CheckLoginAspect'
Event: 6238.625 Thread 0x000002c769ed2e70 Unloading class 0x000002c7013c8000 'com/example/demo/PersonalDev9198LeeJungmooApplication'
Event: 6238.625 Thread 0x000002c769ed2e70 Unloading class 0x000002c701910c00 'java/lang/invoke/LambdaForm$MH+0x000002c701910c00'
Event: 6238.625 Thread 0x000002c769ed2e70 Unloading class 0x000002c701380000 'java/lang/invoke/LambdaForm$MH+0x000002c701380000'
Event: 6238.625 Thread 0x000002c769ed2e70 Unloading class 0x000002c7010cc800 'java/lang/invoke/LambdaForm$MH+0x000002c7010cc800'
Event: 6238.625 Thread 0x000002c769ed2e70 Unloading class 0x000002c701424c00 'java/lang/invoke/LambdaForm$MH+0x000002c701424c00'
Event: 6238.625 Thread 0x000002c769ed2e70 Unloading class 0x000002c701adb800 'java/lang/invoke/LambdaForm$MH+0x000002c701adb800'
Event: 6240.272 Thread 0x000002c769ed2e70 Unloading class 0x000002c7011ee400 'java/lang/invoke/LambdaForm$MH+0x000002c7011ee400'

Classes redefined (4 events):
Event: 249.507 Thread 0x000002c769ed2e70 redefined class name=com.example.demo.controller.AccountController, count=1
Event: 2086.975 Thread 0x000002c769ed2e70 redefined class name=com.example.demo.controller.AccountController, count=1
Event: 2086.975 Thread 0x000002c769ed2e70 redefined class name=com.example.demo.controller.AccountController, count=2
Event: 2086.975 Thread 0x000002c769ed2e70 redefined class name=com.example.demo.controller.AccountController, count=1

Internal exceptions (20 events):
Event: 6194.243 Thread 0x000002c7714b2a00 Exception <a 'java/lang/NoClassDefFoundError'{0x0000000709ea3598}: liquibase/exception/ChangeLogParseException> (0x0000000709ea3598) 
thrown [s\src\hotspot\share\classfile\systemDictionary.cpp, line 301]
Event: 6194.243 Thread 0x000002c7714b2a00 Exception <a 'java/lang/NoClassDefFoundError'{0x0000000709ead520}: org/jooq/DSLContext> (0x0000000709ead520) 
thrown [s\src\hotspot\share\classfile\systemDictionary.cpp, line 301]
Event: 6194.243 Thread 0x000002c7714b2a00 Exception <a 'java/lang/NoClassDefFoundError'{0x0000000709eaf3f0}: io/r2dbc/spi/ConnectionFactory> (0x0000000709eaf3f0) 
thrown [s\src\hotspot\share\classfile\systemDictionary.cpp, line 301]
Event: 6207.041 Thread 0x000002c7714b02a0 Exception <a 'sun/nio/fs/WindowsException'{0x0000000709b19798}> (0x0000000709b19798) 
thrown [s\src\hotspot\share\prims\jni.cpp, line 520]
Event: 6207.331 Thread 0x000002c7714b02a0 Exception <a 'java/lang/NoClassDefFoundError'{0x000000070b38e678}: org/flywaydb/core/Flyway> (0x000000070b38e678) 
thrown [s\src\hotspot\share\oops\constantPool.cpp, line 873]
Event: 6207.333 Thread 0x000002c7714b02a0 Exception <a 'java/lang/NoClassDefFoundError'{0x000000070b38ecd8}: liquibase/integration/spring/SpringLiquibase> (0x000000070b38ecd8) 
thrown [s\src\hotspot\share\oops\constantPool.cpp, line 873]
Event: 6207.336 Thread 0x000002c7714b02a0 Exception <a 'java/lang/NoClassDefFoundError'{0x000000070b3b26d0}: org/springframework/batch/core/repository/JobRepository> (0x000000070b3b26d0) 
thrown [s\src\hotspot\share\oops\constantPool.cpp, line 873]
Event: 6207.336 Thread 0x000002c7714b02a0 Exception <a 'java/lang/NoClassDefFoundError'{0x000000070b3b2d28}: org/quartz/Scheduler> (0x000000070b3b2d28) 
thrown [s\src\hotspot\share\oops\constantPool.cpp, line 873]
Event: 6207.338 Thread 0x000002c7714b02a0 Exception <a 'java/lang/NoClassDefFoundError'{0x000000070b3b33a8}: org/springframework/session/jdbc/JdbcIndexedSessionRepository> (0x000000070b3b33a8) 
thrown [s\src\hotspot\share\oops\constantPool.cpp, line 873]
Event: 6207.339 Thread 0x000002c7714b02a0 Exception <a 'java/lang/NoClassDefFoundError'{0x000000070b3ce750}: org/jooq/DSLContext> (0x000000070b3ce750) 
thrown [s\src\hotspot\share\oops\constantPool.cpp, line 873]
Event: 6207.386 Thread 0x000002c7714b02a0 Exception <a 'java/io/FileNotFoundException'{0x000000070ab062f0}> (0x000000070ab062f0) 
thrown [s\src\hotspot\share\prims\jni.cpp, line 520]
Event: 6238.606 Thread 0x000002c7714b57f0 Exception <a 'java/lang/InterruptedException'{0x0000000709050678}: sleep interrupted> (0x0000000709050678) 
thrown [s\src\hotspot\share\prims\jvm.cpp, line 3074]
Event: 6238.694 Thread 0x000002c76fb6cbb0 Exception <a 'sun/nio/fs/WindowsException'{0x000000070b673238}> (0x000000070b673238) 
thrown [s\src\hotspot\share\prims\jni.cpp, line 520]
Event: 6239.020 Thread 0x000002c76fb6cbb0 Exception <a 'java/lang/NoClassDefFoundError'{0x0000000709cebb98}: org/flywaydb/core/Flyway> (0x0000000709cebb98) 
thrown [s\src\hotspot\share\oops\constantPool.cpp, line 873]
Event: 6239.945 Thread 0x000002c76fb6cbb0 Exception <a 'java/lang/NoClassDefFoundError'{0x0000000709cec1f8}: liquibase/integration/spring/SpringLiquibase> (0x0000000709cec1f8) 
thrown [s\src\hotspot\share\oops\constantPool.cpp, line 873]
Event: 6239.948 Thread 0x000002c76fb6cbb0 Exception <a 'java/lang/NoClassDefFoundError'{0x0000000709d62880}: org/springframework/batch/core/repository/JobRepository> (0x0000000709d62880) 
thrown [s\src\hotspot\share\oops\constantPool.cpp, line 873]
Event: 6239.949 Thread 0x000002c76fb6cbb0 Exception <a 'java/lang/NoClassDefFoundError'{0x0000000709d62ed8}: org/quartz/Scheduler> (0x0000000709d62ed8) 
thrown [s\src\hotspot\share\oops\constantPool.cpp, line 873]
Event: 6239.950 Thread 0x000002c76fb6cbb0 Exception <a 'java/lang/NoClassDefFoundError'{0x0000000709d63558}: org/springframework/session/jdbc/JdbcIndexedSessionRepository> (0x0000000709d63558) 
thrown [s\src\hotspot\share\oops\constantPool.cpp, line 873]
Event: 6239.951 Thread 0x000002c76fb6cbb0 Exception <a 'java/lang/NoClassDefFoundError'{0x0000000709d7e940}: org/jooq/DSLContext> (0x0000000709d7e940) 
thrown [s\src\hotspot\share\oops\constantPool.cpp, line 873]
Event: 6240.000 Thread 0x000002c76fb6cbb0 Exception <a 'java/io/FileNotFoundException'{0x00000007094d4430}> (0x00000007094d4430) 
thrown [s\src\hotspot\share\prims\jni.cpp, line 520]

ZGC Phase Switch (0 events):
No events

VM Operations (20 events):
Event: 6249.047 Executing VM operation: get/set locals done
Event: 6249.048 Executing VM operation: get/set locals
Event: 6249.048 Executing VM operation: get/set locals done
Event: 6249.050 Executing VM operation: get/set locals
Event: 6249.050 Executing VM operation: get/set locals done
Event: 6249.051 Executing VM operation: get/set locals
Event: 6249.051 Executing VM operation: get/set locals done
Event: 6249.052 Executing VM operation: get/set locals
Event: 6249.052 Executing VM operation: get/set locals done
Event: 6249.052 Executing VM operation: get/set locals
Event: 6249.052 Executing VM operation: get/set locals done
Event: 6249.053 Executing VM operation: get/set locals
Event: 6249.053 Executing VM operation: get/set locals done
Event: 6249.055 Executing VM operation: get/set locals
Event: 6249.055 Executing VM operation: get/set locals done
Event: 6258.971 Executing VM operation: HandshakeAllThreads (HandshakeForDeflation)
Event: 6258.971 Executing VM operation: HandshakeAllThreads (HandshakeForDeflation) done
Event: 6258.971 Executing VM operation: RendezvousGCThreads
Event: 6258.971 Executing VM operation: RendezvousGCThreads done
Event: 6385.559 Executing VM operation: G1CollectForAllocation (G1 Evacuation Pause)

Events (20 events):
Event: 6238.682 Thread 0x000002c76fb6c520 Thread added: 0x000002c76fb6c520
Event: 6238.682 Thread 0x000002c76fb6c520 Thread exited: 0x000002c76fb6c520
Event: 6238.682 Thread 0x000002c76fb6cbb0 Thread added: 0x000002c76fb6cbb0
Event: 6238.750 Thread 0x000002c76fb6e5f0 Thread added: 0x000002c76fb6e5f0
Event: 6238.793 Thread 0x000002c76fb6e5f0 Thread exited: 0x000002c76fb6e5f0
Event: 6240.022 Thread 0x000002c76fb6e5f0 Thread added: 0x000002c76fb6e5f0
Event: 6240.022 Thread 0x000002c76fb6d8d0 Thread added: 0x000002c76fb6d8d0
Event: 6240.022 Thread 0x000002c76fb6ec80 Thread added: 0x000002c76fb6ec80
Event: 6240.105 Thread 0x000002c76fb6f310 Thread added: 0x000002c76fb6f310
Event: 6240.148 Thread 0x000002c772657060 Thread added: 0x000002c772657060
Event: 6240.217 Thread 0x000002c76fb6c520 Thread added: 0x000002c76fb6c520
Event: 6240.311 Thread 0x000002c772657730 Thread added: 0x000002c772657730
Event: 6240.311 Thread 0x000002c772ad5780 Thread added: 0x000002c772ad5780
Event: 6245.546 Thread 0x000002c772ad5780 Thread exited: 0x000002c772ad5780
Event: 6246.257 Thread 0x000002c76fb6c520 Thread exited: 0x000002c76fb6c520
Event: 6250.554 Thread 0x000002c772657730 Thread exited: 0x000002c772657730
Event: 6255.560 Thread 0x000002c772657060 Thread exited: 0x000002c772657060
Event: 6283.065 Thread 0x000002c76fb713e0 Thread exited: 0x000002c76fb713e0
Event: 6283.065 Thread 0x000002c76fb72790 Thread exited: 0x000002c76fb72790
Event: 6293.531 Thread 0x000002c76fb72100 Thread exited: 0x000002c76fb72100


Dynamic libraries:
0x00007ff6ada20000 - 0x00007ff6ada2e000 	C:\pleiades\2024-06\java\21\bin\javaw.exe
0x00007ff9b99c0000 - 0x00007ff9b9c23000 	C:\WINDOWS\SYSTEM32\ntdll.dll
0x00007ff9b8ac0000 - 0x00007ff9b8b87000 	C:\WINDOWS\System32\KERNEL32.DLL
0x00007ff9b7380000 - 0x00007ff9b7747000 	C:\WINDOWS\System32\KERNELBASE.dll
0x00007ff9b7080000 - 0x00007ff9b71cc000 	C:\WINDOWS\System32\ucrtbase.dll
0x00007ff95afe0000 - 0x00007ff95affb000 	C:\pleiades\2024-06\java\21\bin\VCRUNTIME140.dll
0x00007ff9a04a0000 - 0x00007ff9a04b8000 	C:\pleiades\2024-06\java\21\bin\jli.dll
0x00007ff9b95d0000 - 0x00007ff9b9799000 	C:\WINDOWS\System32\USER32.dll
0x00007ff9a29a0000 - 0x00007ff9a2c30000 	C:\WINDOWS\WinSxS\amd64_microsoft.windows.common-controls_6595b64144ccf1df_6.0.26100.3037_none_3e09262ce333c378\COMCTL32.dll
0x00007ff9b7350000 - 0x00007ff9b7377000 	C:\WINDOWS\System32\win32u.dll
0x00007ff9b9570000 - 0x00007ff9b959a000 	C:\WINDOWS\System32\GDI32.dll
0x00007ff9b87a0000 - 0x00007ff9b8849000 	C:\WINDOWS\System32\msvcrt.dll
0x00007ff9b6eb0000 - 0x00007ff9b6fdb000 	C:\WINDOWS\System32\gdi32full.dll
0x00007ff9b7750000 - 0x00007ff9b77f3000 	C:\WINDOWS\System32\msvcp_win.dll
0x00007ff9b8960000 - 0x00007ff9b898f000 	C:\WINDOWS\System32\IMM32.DLL
0x00007ff9a8e30000 - 0x00007ff9a8e3c000 	C:\pleiades\2024-06\java\21\bin\vcruntime140_1.dll
0x00007ff951eb0000 - 0x00007ff951f3e000 	C:\pleiades\2024-06\java\21\bin\msvcp140.dll
0x00007ff979780000 - 0x00007ff97a502000 	C:\pleiades\2024-06\java\21\bin\server\jvm.dll
0x00007ff9b8cf0000 - 0x00007ff9b8da4000 	C:\WINDOWS\System32\ADVAPI32.dll
0x00007ff9b94c0000 - 0x00007ff9b9566000 	C:\WINDOWS\System32\sechost.dll
0x00007ff9b89a0000 - 0x00007ff9b8ab6000 	C:\WINDOWS\System32\RPCRT4.dll
0x00007ff9b7830000 - 0x00007ff9b78a4000 	C:\WINDOWS\System32\WS2_32.dll
0x00007ff9b6bf0000 - 0x00007ff9b6c3e000 	C:\WINDOWS\SYSTEM32\POWRPROF.dll
0x00007ff9a6180000 - 0x00007ff9a61b6000 	C:\WINDOWS\SYSTEM32\WINMM.dll
0x00007ff9a8c10000 - 0x00007ff9a8c1b000 	C:\WINDOWS\SYSTEM32\VERSION.dll
0x00007ff9b6bd0000 - 0x00007ff9b6be4000 	C:\WINDOWS\SYSTEM32\UMPDC.dll
0x00007ff9b5b50000 - 0x00007ff9b5b6a000 	C:\WINDOWS\SYSTEM32\kernel.appcore.dll
0x00007ff9a28f0000 - 0x00007ff9a28fa000 	C:\pleiades\2024-06\java\21\bin\jimage.dll
0x00007ff9b47d0000 - 0x00007ff9b4a11000 	C:\WINDOWS\SYSTEM32\DBGHELP.DLL
0x00007ff9b78b0000 - 0x00007ff9b7c2e000 	C:\WINDOWS\System32\combase.dll
0x00007ff9b8440000 - 0x00007ff9b8516000 	C:\WINDOWS\System32\OLEAUT32.dll
0x00007ff98a9e0000 - 0x00007ff98aa19000 	C:\WINDOWS\SYSTEM32\dbgcore.DLL
0x00007ff9b6fe0000 - 0x00007ff9b7079000 	C:\WINDOWS\System32\bcryptPrimitives.dll
0x00007ff9a4a00000 - 0x00007ff9a4a3c000 	C:\pleiades\2024-06\java\21\bin\jdwp.dll
0x00007ff9a28e0000 - 0x00007ff9a28ef000 	C:\pleiades\2024-06\java\21\bin\instrument.dll
0x00007ff9a2840000 - 0x00007ff9a285f000 	C:\pleiades\2024-06\java\21\bin\java.dll
0x00007ff9b8db0000 - 0x00007ff9b94b4000 	C:\WINDOWS\System32\SHELL32.dll
0x00007ff9b4a40000 - 0x00007ff9b5277000 	C:\WINDOWS\SYSTEM32\windows.storage.dll
0x00007ff9b9810000 - 0x00007ff9b98f9000 	C:\WINDOWS\System32\SHCORE.dll
0x00007ff9b8900000 - 0x00007ff9b895d000 	C:\WINDOWS\System32\shlwapi.dll
0x00007ff9b6c70000 - 0x00007ff9b6c9e000 	C:\WINDOWS\SYSTEM32\profapi.dll
0x00007ff9b0920000 - 0x00007ff9b092b000 	C:\pleiades\2024-06\java\21\bin\dt_socket.dll
0x00007ff9b5570000 - 0x00007ff9b55a2000 	C:\WINDOWS\SYSTEM32\IPHLPAPI.DLL
0x00007ff9b6040000 - 0x00007ff9b60aa000 	C:\WINDOWS\system32\mswsock.dll
0x00007ff9b5600000 - 0x00007ff9b5725000 	C:\WINDOWS\SYSTEM32\DNSAPI.dll
0x00007ff9b7cd0000 - 0x00007ff9b7cda000 	C:\WINDOWS\System32\NSI.dll
0x00007ff9a88d0000 - 0x00007ff9a88db000 	C:\Windows\System32\rasadhlp.dll
0x00007ff9a9a20000 - 0x00007ff9a9aa5000 	C:\WINDOWS\System32\fwpuclnt.dll
0x00007ff9a0460000 - 0x00007ff9a0478000 	C:\pleiades\2024-06\java\21\bin\zip.dll
0x00007ff9a2830000 - 0x00007ff9a2840000 	C:\pleiades\2024-06\java\21\bin\net.dll
0x00007ff9ae9e0000 - 0x00007ff9aeafe000 	C:\WINDOWS\SYSTEM32\WINHTTP.dll
0x00007ff99fd40000 - 0x00007ff99fd56000 	C:\pleiades\2024-06\java\21\bin\nio.dll
0x00007ff9a7e00000 - 0x00007ff9a7e0a000 	C:\pleiades\2024-06\java\21\bin\management.dll
0x00007ff9a5c60000 - 0x00007ff9a5c6b000 	C:\pleiades\2024-06\java\21\bin\management_ext.dll
0x00007ff9b8790000 - 0x00007ff9b8798000 	C:\WINDOWS\System32\PSAPI.DLL
0x00007ff963490000 - 0x00007ff9634a8000 	C:\WINDOWS\system32\napinsp.dll
0x00007ff9634b0000 - 0x00007ff9634c2000 	C:\WINDOWS\System32\winrnr.dll
0x00007ff99ecc0000 - 0x00007ff99ece2000 	C:\WINDOWS\system32\nlansp_c.dll
0x00007ff9aefa0000 - 0x00007ff9aefb6000 	C:\WINDOWS\system32\wshbth.dll
0x00007ff9a8b70000 - 0x00007ff9a8b80000 	C:\pleiades\2024-06\java\21\bin\verify.dll
0x00007ff9b63f0000 - 0x00007ff9b640c000 	C:\WINDOWS\SYSTEM32\CRYPTSP.dll
0x00007ff9b5ab0000 - 0x00007ff9b5ae8000 	C:\WINDOWS\system32\rsaenh.dll
0x00007ff9b60e0000 - 0x00007ff9b610b000 	C:\WINDOWS\SYSTEM32\USERENV.dll
0x00007ff9b6580000 - 0x00007ff9b65a6000 	C:\WINDOWS\SYSTEM32\bcrypt.dll
0x00007ff9b6270000 - 0x00007ff9b627c000 	C:\WINDOWS\SYSTEM32\CRYPTBASE.dll
0x00007ff9a4650000 - 0x00007ff9a4659000 	C:\pleiades\2024-06\java\21\bin\extnet.dll
0x00007ff9ae830000 - 0x00007ff9ae83e000 	C:\pleiades\2024-06\java\21\bin\sunmscapi.dll
0x00007ff9b71d0000 - 0x00007ff9b7346000 	C:\WINDOWS\System32\CRYPT32.dll
0x00007ff9b6540000 - 0x00007ff9b6570000 	C:\WINDOWS\SYSTEM32\ncrypt.dll
0x00007ff9b64f0000 - 0x00007ff9b652f000 	C:\WINDOWS\SYSTEM32\NTASN1.dll
0x00007ff98e6c0000 - 0x00007ff98e6c8000 	C:\WINDOWS\system32\wshunix.dll

dbghelp: loaded successfully - version: 4.0.5 - missing functions: none
symbol engine: initialized successfully - sym options: 0x614 - pdb path: .;C:\pleiades\2024-06\java\21\bin;C:\WINDOWS\SYSTEM32;C:\WINDOWS\WinSxS\amd64_microsoft.windows.common-controls_6595b64144ccf1df_6.0.26100.3037_none_3e09262ce333c378;C:\pleiades\2024-06\java\21\bin\server

VM Arguments:
jvm_args: -XX:+ShowCodeDetailsInExceptionMessages -agentlib:jdwp=transport=dt_socket,suspend=y,address=localhost:50461 -Dcom.sun.management.jmxremote -Dcom.sun.management.jmxremote.port=50460 -Dcom.sun.management.jmxremote.authenticate=false -Dcom.sun.management.jmxremote.ssl=false -Djava.rmi.server.hostname=localhost -Dspring.jmx.enabled=true -Dmanagement.endpoints.jmx.exposure.include=* -Dspring.application.admin.enabled=true -XX:TieredStopAtLevel=1 -Dspring.boot.project.name=personal_dev_9198_lee_jungmoo -javaagent:C:\pleiades\2024-06\eclipse\configuration\org.eclipse.osgi\251\0\.cp\lib\javaagent-shaded.jar -Dfile.encoding=UTF-8 -Dstdout.encoding=UTF-8 -Dstderr.encoding=UTF-8 
java_command: com.example.demo.PersonalDev9198LeeJungmooApplication --spring.output.ansi.enabled=always
java_class_path (initial): C:\pleiades\2024-06\workspace\personal_dev_9198_lee_jungmoo\bin\main;C:\Users\student\.gradle\caches\modules-2\files-2.1\org.springframework.boot\spring-boot-starter-data-jpa\3.4.5\c6ef06dfef1b02f3e3f82d67118d3944672e7d49\spring-boot-starter-data-jpa-3.4.5.jar;C:\Users\student\.gradle\caches\modules-2\files-2.1\org.springframework.boot\spring-boot-starter-thymeleaf\3.4.5\6564b6a1c10118e662cb8c776eef27d76c0ff78d\spring-boot-starter-thymeleaf-3.4.5.jar;C:\Users\student\.gradle\caches\modules-2\files-2.1\org.springframework.boot\spring-boot-starter-web\3.4.5\54cb03e8615f0c10cd44b5b7d155af3d0be7d66a\spring-boot-starter-web-3.4.5.jar;C:\Users\student\.gradle\caches\modules-2\files-2.1\org.springframework.boot\spring-boot-starter-jdbc\3.4.5\e361f635454d0694547cc226ece3aa10fde7ff2b\spring-boot-starter-jdbc-3.4.5.jar;C:\Users\student\.gradle\caches\modules-2\files-2.1\org.springframework.boot\spring-boot-starter-json\3.4.5\b7a87d4565c99754e0fcf4da405ebe3ab0870c88\spring-boot-starter-json-3.4.5.jar;C:\Users\student\.gradle\caches\modules-2\files-2.1\org.springframework.boot\spring-boot-starter\3.4.5\3b1cd30bd3be52f5fd0c0934882ec86ed4457646\spring-boot-starter-3.4.5.jar;C:\Users\student\.gradle\caches\modules-2\files-2.1\org.hibernate.orm\hibernate-core\6.6.13.Final\e7f1b2d53e89b9863dca12cd5f1b261ba413415b\hibernate-core-6.6.13.Final.jar;C:\Users\student\.gradle\caches\modules-2\files-2.1\org.springframework.data\spring-data-jpa\3.4.5\40000309bebdc0e4e284211701f039eb5b1fb1a6\spring-data-jpa-3.4.5.jar;C:\Users\student\.gradle\caches\modules-2\files-2.1\org.springframework\spring-aspects\6.2.6\2bb7fe48b4fef28af71be32815200c19ac95f783\spring-aspects-6.2.6.jar;C:\Users\student\.gradle\caches\modules-2\files-2.1\org.thymeleaf\thymeleaf-spring6\3.1.3.RELEASE\4b276ea2bd536a18e44b40ff1d9f4848965ff59c\thymeleaf-spring6-3.1.3.RELEASE.jar;C:\Users\student\.gradle\caches\modules-2\files-2.1\org.springframework.boot\spring-boot-starter-tomcat\3.4.5\d3121e25897969409967675c0c450dd3cad45162\spring-boot-starter-tomcat-3.4.5.jar;C:\Users\student\.gradle\caches\modules-2\files-2.1\org.springframework\spring-webmvc\6.2.6\48c37c417d00b9dc12e344892b206bbbf67f0945\spring-webmvc-6.2.6.jar;C:\Users\student\.gradle\caches\modules-2\files-2.1\org.springframework\spring-web\6.2.6\17a4f806e877a1064a2442fe7545b0036fb9550f\spring-web-6.2.6.jar;C:\Users\student\.gradle\caches\modules-2\files-2.1\org.springframework.boot\spring-boot-autoconfigure\3.4.5\c44ad60865ca1d0b88e576b0355e755ed28aec52\spring-boot-autoconfigure-3.4.5.jar;C:\Users\student\.gradle\caches\modules-2\files-2.1\org.springframework.boot\spring-boot\3.4.5\414fcf9f9e0ccb961243d8f36ef8ad6d4040e745\spring-boot-3.4.5.jar;C:\Users\student\.gradle\caches\modules-2\files-2.1\org.springframework.boot\spring-boot-starter-logging\3.4.5\f4821c3181ef6dfbbc5305ebf5a3ed2c5493ef14\spring-boot-starter-logging-3.4.5.jar;C:\Users\student\.gradle\caches\modules-2\files-2.1\jakarta.annotation\jakarta.annotation-api\2.1.1\48b9bda22b091b1f48b13af03fe36db3be6e1ae3\jakarta.annotation-api-2.1.1.jar;C:\Users\student\.gradle\caches\modules-2\files-2.1\org.springframework\spring-orm\6.2.6\b579360aaab1e52ec95d0538cc3c89fa8689485d\spring-orm-6.2.6.jar;C:\Users\student\.gradle\caches\modules-2\files-2.1\org.springframework\spring-jdbc\6.2.6\529137b0f92d8cfd13876e6aa8df9088246b4755\spring-jdbc-6.2.6.jar;C:\Users\student\.gradle\caches\modules-2\files-2.1\org.springframework.data\spring-data-commons\3.4.5\bad5044a4d2f322ff939247ff448d4322c6b7d5d\spring-data-commons-3.4.5.jar;C:\Users\student\.gradle\caches\modules-2\files-2.1\org.springframework\spring-context\6.2.6\ae08b2ec4a49ab7acb0b5eea7c309363139d54ad\spring-context-6.2.6.jar;C:\Users\student\.gradle\caches\modules-2\files-2.1\org.springframework\spring-aop\6.2.6\ab5502a1e9694f2ecd001ecb1ee1fc46b29cfbd9\spring-aop-6.2.6.jar;C:\Users\student\.gradle\caches\modules-2\files-2.1\org.springframework\spring-tx\6.2.6\fb46b2d651a6c509625bc6e7e38865137f658eca\spring-tx-6.2.6.jar;C:\Users\student\.gradle\caches\modules-2\files-2.1\org.springframework\spring-beans\6.2.6\d43abe3b5765748210c511043b1d4904ca216a9f\spring-beans-6.2.6.jar;C:\Users\student\.gradle\caches\modules-2\files-2.1\org.springframework\spring-expression\6.2.6\d9efc768cfda1d97c8fe769a9d50f936eb7f18e2\spring-expression-6.2.6.jar;C:\Users\student\.gradle\caches\modules-2\files-2.1\org.springframework\spring-core\6.2.6\4639dac5fc46cb6a9f6eb2709decfb90313e0f2c\spring-core-6.2.6.jar;C:\Users\student\.gradle\caches\modules-2\files-2.1\org.yaml\snakeyaml\2.3\936b36210e27320f920536f695cf1af210c44586\snakeyaml-2.3.jar;C:\Users\student\.gradle\caches\modules-2\files-2.1\com.zaxxer\HikariCP\5.1.0\8c96e36c14461fc436bb02b264b96ef3ca5dca8c\HikariCP-5.1.0.jar;C:\Users\student\.gradle\caches\modules-2\files-2.1\jakarta.persistence\jakarta.persistence-api\3.1.0\66901fa1c373c6aff65c13791cc11da72060a8d6\jakarta.persistence-api-3.1.0.jar;C:\Users\student\.gradle\caches\modules-2\files-2.1\jakarta.transaction\jakarta.transaction-api\2.0.1\51a520e3fae406abb84e2e1148e6746ce3f80a1a\jakarta.transaction-api-2.0.1.jar;C:\Users\student\.gradle\caches\modules-2\files-2.1\org.antlr\antlr4-runtime\4.13.0\5a02e48521624faaf5ff4d99afc88b01686af655\antlr4-runtime-4.13.0.jar;C:\Users\student\.gradle\caches\modules-2\files-2.1\org.thymeleaf\thymeleaf\3.1.3.RELEASE\51474f2a90b282ee97dabcd159c7faf24790f373\thymeleaf-3.1.3.RELEASE.jar;C:\Users\student\.gradle\caches\modules-2\files-2.1\ch.qos.logback\logback-classic\1.5.18\fc371f3fc97a639de2d67947cffb7518ec5e3d40\logback-classic-1.5.18.jar;C:\Users\student\.gradle\caches\modules-2\files-2.1\org.apache.logging.log4j\log4j-to-slf4j\2.24.3\da1143e2a2531ee1c2d90baa98eb50a28a39d5a7\log4j-to-slf4j-2.24.3.jar;C:\Users\student\.gradle\caches\modules-2\files-2.1\org.slf4j\jul-to-slf4j\2.0.17\524cb6ccc2b68a57604750e1ab8b13b5a786a6aa\jul-to-slf4j-2.0.17.jar;C:\Users\student\.gradle\caches\modules-2\files-2.1\org.slf4j\slf4j-api\2.0.17\d9e58ac9c7779ba3bf8142aff6c830617a7fe60f\slf4j-api-2.0.17.jar;C:\Users\student\.gradle\caches\modules-2\files-2.1\org.aspectj\aspectjweaver\1.9.24\9b5aeb0cea9f958b9c57fb80e62996e95a3e9379\aspectjweaver-1.9.24.jar;C:\Users\student\.gradle\caches\modules-2\files-2.1\com.fasterxml.jackson.datatype\jackson-datatype-jsr310\2.18.3\cc57924cccf42fc852081c36215272f84ffcd991\jackson-datatype-jsr310-2.18.3.jar;C:\Users\student\.gradle\caches\modules-2\files-2.1\com.fasterxml.jackson.module\jackson-module-parameter-names\2.18.3\fa63ae5eb3956b1a6d7a7ead2b513af89dea22e7\jackson-module-parameter-names-2.18.3.jar;C:\Users\student\.gradle\caches\modules-2\files-2.1\com.fasterxml.jackson.core\jackson-annotations\2.18.3\7fa21cf7da4598f8240e4ebd9779249622af1acd\jackson-annotations-2.18.3.jar;C:\Users\student\.gradle\caches\modules-2\files-2.1\com.fasterxml.jackson.core\jackson-core\2.18.3\78f80c259268200e588aa204dd97ecf09b76916e\jackson-core-2.18.3.jar;C:\Users\student\.gradle\caches\modules-2\files-2.1\com.fasterxml.jackson.datatype\jackson-datatype-jdk8\2.18.3\621558295660935134b171ce2b0d9ad6842ec2ff\jackson-datatype-jdk8-2.18.3.jar;C:\Users\student\.gradle\caches\modules-2\files-2.1\com.fasterxml.jackson.core\jackson-databind\2.18.3\537e3886263e3b3464385040453e92567fd509e2\jackson-databind-2.18.3.jar;C:\Users\student\.gradle\caches\modules-2\files-2.1\org.apache.tomcat.embed\tomcat-embed-websocket\10.1.40\ffdcf96aa28e77858644f4db100e8de896ba58e3\tomcat-embed-websocket-10.1.40.jar;C:\Users\student\.gradle\caches\modules-2\files-2.1\org.apache.tomcat.embed\tomcat-embed-core\10.1.40\fc1c09b726336dc6f7dde0408cebb1a56a3a28d3\tomcat-embed-core-10.1.40.jar;C:\Users\student\.gradle\caches\modules-2\files-2.1\org.apache.tomcat.embed\tomcat-embed-el\10.1.40\1b321790508c1d410689b4f496dae18a97fa6ae9\tomcat-embed-el-10.1.40.jar;C:\Users\student\.gradle\caches\modules-2\files-2.1\io.micrometer\micrometer-observation\1.14.6\3ba55114eb3f2b33431ce6cf80c6114cf2b21c9\micrometer-observation-1.14.6.jar;C:\Users\student\.gradle\caches\modules-2\files-2.1\org.springframework\spring-jcl\6.2.6\f4468f33de0015179abb6055964801bc962f8d51\spring-jcl-6.2.6.jar;C:\Users\student\.gradle\caches\modules-2\files-2.1\org.attoparser\attoparser\2.0.7.RELEASE\e5d0e988d9124139d645bb5872b24dfa23e283cc\attoparser-2.0.7.RELEASE.jar;C:\Users\student\.gradle\caches\modules-2\files-2.1\org.unbescape\unbescape\1.1.6.RELEASE\7b90360afb2b860e09e8347112800d12c12b2a13\unbescape-1.1.6.RELEASE.jar;C:\Users\student\.gradle\caches\modules-2\files-2.1\io.micrometer\micrometer-commons\1.14.6\1a6595762c77bd8401cf51aa11bac8e4fa747545\micrometer-commons-1.14.6.jar;C:\Users\student\.gradle\caches\modules-2\files-2.1\ch.qos.logback\logback-core\1.5.18\6c0375624f6f36b4e089e2488ba21334a11ef13f\logback-core-1.5.18.jar;C:\Users\student\.gradle\caches\modules-2\files-2.1\org.apache.logging.log4j\log4j-api\2.24.3\b02c125db8b6d295adf72ae6e71af5d83bce2370\log4j-api-2.24.3.jar;C:\Users\student\.gradle\caches\modules-2\files-2.1\org.springframework.boot\spring-boot-devtools\3.4.5\e550ba7011bb36dde3cafb1d1d88b655657bf2e2\spring-boot-devtools-3.4.5.jar;C:\Users\student\.gradle\caches\modules-2\files-2.1\org.postgresql\postgresql\42.7.5\747897987b86c741fb8b56f6b81929ae1e6e4b46\postgresql-42.7.5.jar;C:\Users\student\.gradle\caches\modules-2\files-2.1\org.checkerframework\checker-qual\3.48.3\c48effe7d78de3cf5e8a98c614281ec6a2466a77\checker-qual-3.48.3.jar;C:\Users\student\.gradle\caches\modules-2\files-2.1\org.jboss.logging\jboss-logging\3.6.1.Final\886afbb445b4016a37c8960a7aef6ebd769ce7e5\jboss-logging-3.6.1.Final.jar;C:\Users\student\.gradle\caches\modules-2\files-2.1\org.hibernate.common\hibernate-commons-annotations\7.0.3.Final\e183c4be8bb41d12e9f19b374e00c34a0a85f439\hibernate-commons-annotations-7.0.3.Final.jar;C:\Users\student\.gradle\caches\modules-2\files-2.1\io.smallrye\jandex\3.2.0\f17ad860f62a08487b9edabde608f8ac55c62fa7\jandex-3.2.0.jar;C:\Users\student\.gradle\caches\modules-2\files-2.1\com.fasterxml\classmate\1.7.0\e98374da1f2143ac8e6e0a95036994bb19137a3\classmate-1.7.0.jar;C:\Users\student\.gradle\caches\modules-2\files-2.1\net.bytebuddy\byte-buddy\1.15.11\f61886478e0f9ee4c21d09574736f0ff45e0a46c\byte-buddy-1.15.11.jar;C:\Users\student\.gradle\caches\modules-2\files-2.1\org.glassfish.jaxb\jaxb-runtime\4.0.5\ca84c2a7169b5293e232b9d00d1e4e36d4c3914a\jaxb-runtime-4.0.5.jar;C:\Users\student\.gradle\caches\modules-2\files-2.1\org.glassfish.jaxb\jaxb-core\4.0.5\7b4b11ea5542eea4ad55e1080b23be436795b3\jaxb-core-4.0.5.jar;C:\Users\student\.gradle\caches\modules-2\files-2.1\jakarta.xml.bind\jakarta.xml.bind-api\4.0.2\6cd5a999b834b63238005b7144136379dc36cad2\jakarta.xml.bind-api-4.0.2.jar;C:\Users\student\.gradle\caches\modules-2\files-2.1\jakarta.inject\jakarta.inject-api\2.0.1\4c28afe1991a941d7702fe1362c365f0a8641d1e\jakarta.inject-api-2.0.1.jar;C:\Users\student\.gradle\caches\modules-2\files-2.1\org.eclipse.angus\angus-activation\2.0.2\41f1e0ddd157c856926ed149ab837d110955a9fc\angus-activation-2.0.2.jar;C:\Users\student\.gradle\caches\modules-2\files-2.1\jakarta.activation\jakarta.activation-api\2.1.3\fa165bd70cda600368eee31555222776a46b881f\jakarta.activation-api-2.1.3.jar;C:\Users\student\.gradle\caches\modules-2\files-2.1\org.glassfish.jaxb\txw2\4.0.5\f36a4ef12120a9bb06d766d6a0e54b144fd7ed98\txw2-4.0.5.jar;C:\Users\student\.gradle\caches\modules-2\files-2.1\com.sun.istack\istack-commons-runtime\4.1.2\18ec117c85f3ba0ac65409136afa8e42bc74e739\istack-commons-runtime-4.1.2.jar
Launcher Type: SUN_STANDARD

[Global flags]
     intx CICompilerCount                          = 4                                         {product} {ergonomic}
     uint ConcGCThreads                            = 2                                         {product} {ergonomic}
     uint G1ConcRefinementThreads                  = 8                                         {product} {ergonomic}
   size_t G1HeapRegionSize                         = 2097152                                   {product} {ergonomic}
    uintx GCDrainStackTargetSize                   = 64                                        {product} {ergonomic}
   size_t InitialHeapSize                          = 264241152                                 {product} {ergonomic}
     bool ManagementServer                         = true                                      {product} {command line}
   size_t MarkStackSize                            = 4194304                                   {product} {ergonomic}
   size_t MaxHeapSize                              = 4221566976                                {product} {ergonomic}
   size_t MaxNewSize                               = 2531262464                                {product} {ergonomic}
   size_t MinHeapDeltaBytes                        = 2097152                                   {product} {ergonomic}
   size_t MinHeapSize                              = 8388608                                   {product} {ergonomic}
    uintx NonNMethodCodeHeapSize                   = 4096                                   {pd product} {ergonomic}
    uintx NonProfiledCodeHeapSize                  = 0                                      {pd product} {ergonomic}
     bool ProfileInterpreter                       = false                                  {pd product} {command line}
    uintx ProfiledCodeHeapSize                     = 0                                      {pd product} {ergonomic}
     bool ShowCodeDetailsInExceptionMessages       = true                                   {manageable} {command line}
   size_t SoftMaxHeapSize                          = 4221566976                             {manageable} {ergonomic}
     intx TieredStopAtLevel                        = 1                                         {product} {command line}
     bool UseCompressedOops                        = true                           {product lp64_product} {ergonomic}
     bool UseG1GC                                  = true                                      {product} {ergonomic}
     bool UseLargePagesIndividualAllocation        = false                                  {pd product} {ergonomic}

Logging:
Log output configuration:
 #0: stdout all=warning uptime,level,tags foldmultilines=false
 #1: stderr all=off uptime,level,tags foldmultilines=false

Environment Variables:
PATH=C:/pleiades/2024-06/java/21/bin/server;C:/pleiades/2024-06/java/21/bin;C:\WINDOWS\system32;C:\WINDOWS;C:\WINDOWS\System32\Wbem;C:\WINDOWS\System32\WindowsPowerShell\v1.0\;C:\WINDOWS\System32\OpenSSH\;C:\Program Files\Git\cmd;C:\Program Files (x86)\Microsoft SQL Server\160\Tools\Binn\;C:\Program Files\Microsoft SQL Server\160\Tools\Binn\;C:\Program Files\Microsoft SQL Server\Client SDK\ODBC\170\Tools\Binn\;C:\Program Files\Microsoft SQL Server\160\DTS\Binn\;C:\Program Files (x86)\Microsoft SQL Server\160\DTS\Binn\;C:\Program Files\Microsoft SQL Server\150\Tools\Binn\;C:\Program Files\dotnet\;C:\Program Files\PostgreSQL\16\bin;C:\Users\student\AppData\Local\Programs\Eclipse Adoptium\jdk-21.0.5.11-hotspot\bin;C:\Ruby33-x64\bin;C:\Users\student\AppData\Local\Programs\Python\Python312\Scripts\;C:\Users\student\AppData\Local\Programs\Python\Python312\;C:\Users\student\AppData\Local\Microsoft\WindowsApps;C:\Users\student\AppData\Local\Programs\Microsoft VS Code\bin;C:\Users\student\.dotnet\tools;;C:\pleiades\2024-06\eclipse;
USERNAME=student
OS=Windows_NT
PROCESSOR_IDENTIFIER=Intel64 Family 6 Model 142 Stepping 12, GenuineIntel
TMP=C:\Users\student\AppData\Local\Temp
TEMP=C:\Users\student\AppData\Local\Temp




Periodic native trim disabled

---------------  S Y S T E M  ---------------

OS:
 Windows 11 , 64 bit Build 26100 (10.0.26100.3037)
OS uptime: 0 days 2:27 hours
Hyper-V role detected

CPU: total 8 (initial active 8) (4 cores per cpu, 2 threads per core) family 6 model 142 stepping 12 microcode 0xfc, cx8, cmov, fxsr, ht, mmx, 3dnowpref, sse, sse2, sse3, ssse3, sse4.1, sse4.2, popcnt, lzcnt, tsc, tscinvbit, avx, avx2, aes, erms, clmul, bmi1, bmi2, adx, fma, vzeroupper, clflush, clflushopt, hv, rdtscp, f16c
Processor Information for all 8 processors :
  Max Mhz: 2112, Current Mhz: 1609, Mhz Limit: 1605

Memory: 4k page, system-wide physical 16101M (6850M free)
TotalPageFile size 17125M (AvailPageFile size 6357M)
current process WorkingSet (physical memory assigned to process): 318M, peak: 325M
current process commit charge ("private bytes"): 367M, peak: 382M

vm_info: OpenJDK 64-Bit Server VM (21.0.3+9-LTS) for windows-amd64 JRE (21.0.3+9-LTS), built on 2024-04-16T00:00:00Z by "admin" with MS VC++ 17.7 (VS2022)

END.
